INFO [2026-01-20 11:32:06] $x
INFO [2026-01-20 11:32:06] list(BS = BS_viruses, SA = SA_viruses, IA = IA_viruses, DA = DA_viruses)
INFO [2026-01-20 11:32:06] 
INFO [2026-01-20 11:32:06] $category.names
INFO [2026-01-20 11:32:06] c("BS", "SA", "IA", "DA")
INFO [2026-01-20 11:32:06] 
INFO [2026-01-20 11:32:06] $filename
INFO [2026-01-20 11:32:06] NULL
INFO [2026-01-20 11:32:06] 
INFO [2026-01-20 11:32:06] $fill
INFO [2026-01-20 11:32:06] venn_colors
INFO [2026-01-20 11:32:06] 
INFO [2026-01-20 11:32:06] $alpha
INFO [2026-01-20 11:32:06] [1] 0.5
INFO [2026-01-20 11:32:06] 
INFO [2026-01-20 11:32:06] $cex
INFO [2026-01-20 11:32:06] [1] 2
INFO [2026-01-20 11:32:06] 
INFO [2026-01-20 11:32:06] $fontface
INFO [2026-01-20 11:32:06] [1] "bold"
INFO [2026-01-20 11:32:06] 
INFO [2026-01-20 11:32:06] $fontfamily
INFO [2026-01-20 11:32:06] [1] "Times"
INFO [2026-01-20 11:32:06] 
INFO [2026-01-20 11:32:06] $cat.cex
INFO [2026-01-20 11:32:06] [1] 3
INFO [2026-01-20 11:32:06] 
INFO [2026-01-20 11:32:06] $cat.fontface
INFO [2026-01-20 11:32:06] [1] "bold"
INFO [2026-01-20 11:32:06] 
INFO [2026-01-20 11:32:06] $cat.fontfamily
INFO [2026-01-20 11:32:06] [1] "Times"
INFO [2026-01-20 11:32:06] 
INFO [2026-01-20 11:32:06] $cat.dist
INFO [2026-01-20 11:32:06] c(0.2, 0.2, 0.1, 0.085)
INFO [2026-01-20 11:32:06] 
INFO [2026-01-20 11:32:06] $lwd
INFO [2026-01-20 11:32:06] [1] 2
INFO [2026-01-20 11:32:06] 
INFO [2026-01-20 11:32:06] $lty
INFO [2026-01-20 11:32:06] [1] "solid"
INFO [2026-01-20 11:32:06] 
INFO [2026-01-20 11:32:06] $col
INFO [2026-01-20 11:32:06] [1] "black"
INFO [2026-01-20 11:32:06] 
INFO [2026-01-20 11:32:06] $scaled
INFO [2026-01-20 11:32:06] [1] TRUE
INFO [2026-01-20 11:32:06] 
INFO [2026-01-20 11:32:06] $euler.d
INFO [2026-01-20 11:32:06] [1] TRUE
INFO [2026-01-20 11:32:06] 
INFO [2026-01-20 11:32:06] $sep.dist
INFO [2026-01-20 11:32:06] [1] 0.05
INFO [2026-01-20 11:32:06] 
INFO [2026-01-20 11:32:06] $rotation.degree
INFO [2026-01-20 11:32:06] [1] 0
INFO [2026-01-20 11:32:06] 
