INFO [2026-01-20 00:27:15] $x
INFO [2026-01-20 00:27:15] list(SA = SA_viruses, IA = IA_viruses, DA = DA_viruses)
INFO [2026-01-20 00:27:15] 
INFO [2026-01-20 00:27:15] $category.names
INFO [2026-01-20 00:27:15] c("SA", "IA", "DA")
INFO [2026-01-20 00:27:15] 
INFO [2026-01-20 00:27:15] $filename
INFO [2026-01-20 00:27:15] NULL
INFO [2026-01-20 00:27:15] 
INFO [2026-01-20 00:27:15] $fill
INFO [2026-01-20 00:27:15] venn_colors
INFO [2026-01-20 00:27:15] 
INFO [2026-01-20 00:27:15] $alpha
INFO [2026-01-20 00:27:15] [1] 0.5
INFO [2026-01-20 00:27:15] 
INFO [2026-01-20 00:27:15] $col
INFO [2026-01-20 00:27:15] [1] "black"
INFO [2026-01-20 00:27:15] 
INFO [2026-01-20 00:27:15] $lwd
INFO [2026-01-20 00:27:15] [1] 2
INFO [2026-01-20 00:27:15] 
INFO [2026-01-20 00:27:15] $lty
INFO [2026-01-20 00:27:15] [1] "solid"
INFO [2026-01-20 00:27:15] 
INFO [2026-01-20 00:27:15] $cex
INFO [2026-01-20 00:27:15] [1] 2
INFO [2026-01-20 00:27:15] 
INFO [2026-01-20 00:27:15] $fontface
INFO [2026-01-20 00:27:15] [1] "bold"
INFO [2026-01-20 00:27:15] 
INFO [2026-01-20 00:27:15] $fontfamily
INFO [2026-01-20 00:27:15] [1] "Times"
INFO [2026-01-20 00:27:15] 
INFO [2026-01-20 00:27:15] $cat.cex
INFO [2026-01-20 00:27:15] [1] 3
INFO [2026-01-20 00:27:15] 
INFO [2026-01-20 00:27:15] $cat.fontface
INFO [2026-01-20 00:27:15] [1] "bold"
INFO [2026-01-20 00:27:15] 
INFO [2026-01-20 00:27:15] $cat.fontfamily
INFO [2026-01-20 00:27:15] [1] "Times"
INFO [2026-01-20 00:27:15] 
INFO [2026-01-20 00:27:15] $cat.pos
INFO [2026-01-20 00:27:15] c(-30, 30, -180)
INFO [2026-01-20 00:27:15] 
INFO [2026-01-20 00:27:15] $cat.dist
INFO [2026-01-20 00:27:15] c(0.08, 0.08, 0.07)
INFO [2026-01-20 00:27:15] 
INFO [2026-01-20 00:27:15] $imagetype
INFO [2026-01-20 00:27:15] [1] "png"
INFO [2026-01-20 00:27:15] 
INFO [2026-01-20 00:27:15] $height
INFO [2026-01-20 00:27:15] [1] 2000
INFO [2026-01-20 00:27:15] 
INFO [2026-01-20 00:27:15] $width
INFO [2026-01-20 00:27:15] [1] 2000
INFO [2026-01-20 00:27:15] 
INFO [2026-01-20 00:27:15] $resolution
INFO [2026-01-20 00:27:15] [1] 300
INFO [2026-01-20 00:27:15] 
INFO [2026-01-20 00:27:15] $compression
INFO [2026-01-20 00:27:15] [1] "lzw"
INFO [2026-01-20 00:27:15] 
INFO [2026-01-20 00:27:15] $main
INFO [2026-01-20 00:27:15] NULL
INFO [2026-01-20 00:27:15] 
INFO [2026-01-20 00:27:15] $sub
INFO [2026-01-20 00:27:15] NULL
INFO [2026-01-20 00:27:15] 
INFO [2026-01-20 00:27:15] $scaled
INFO [2026-01-20 00:27:15] [1] TRUE
INFO [2026-01-20 00:27:15] 
INFO [2026-01-20 00:27:15] $euler.d
INFO [2026-01-20 00:27:15] [1] TRUE
INFO [2026-01-20 00:27:15] 
INFO [2026-01-20 00:27:15] $rotation.degree
INFO [2026-01-20 00:27:15] [1] 0
INFO [2026-01-20 00:27:15] 
