INFO [2026-01-18 20:57:19] $x
INFO [2026-01-18 20:57:19] list(BS = BS_viruses, SA = SA_viruses, IA = IA_viruses, DA = DA_viruses)
INFO [2026-01-18 20:57:19] 
INFO [2026-01-18 20:57:19] $category.names
INFO [2026-01-18 20:57:19] c("BS", "SA", "IA", "DA")
INFO [2026-01-18 20:57:19] 
INFO [2026-01-18 20:57:19] $filename
INFO [2026-01-18 20:57:19] NULL
INFO [2026-01-18 20:57:19] 
INFO [2026-01-18 20:57:19] $fill
INFO [2026-01-18 20:57:19] venn_colors
INFO [2026-01-18 20:57:19] 
INFO [2026-01-18 20:57:19] $alpha
INFO [2026-01-18 20:57:19] [1] 0.5
INFO [2026-01-18 20:57:19] 
INFO [2026-01-18 20:57:19] $cex
INFO [2026-01-18 20:57:19] [1] 2
INFO [2026-01-18 20:57:19] 
INFO [2026-01-18 20:57:19] $fontface
INFO [2026-01-18 20:57:19] [1] "bold"
INFO [2026-01-18 20:57:19] 
INFO [2026-01-18 20:57:19] $fontfamily
INFO [2026-01-18 20:57:19] [1] "Times"
INFO [2026-01-18 20:57:19] 
INFO [2026-01-18 20:57:19] $cat.cex
INFO [2026-01-18 20:57:19] [1] 3
INFO [2026-01-18 20:57:19] 
INFO [2026-01-18 20:57:19] $cat.fontface
INFO [2026-01-18 20:57:19] [1] "bold"
INFO [2026-01-18 20:57:19] 
INFO [2026-01-18 20:57:19] $cat.fontfamily
INFO [2026-01-18 20:57:19] [1] "Times"
INFO [2026-01-18 20:57:19] 
INFO [2026-01-18 20:57:19] $cat.dist
INFO [2026-01-18 20:57:19] c(0.2, 0.2, 0.1, 0.085)
INFO [2026-01-18 20:57:19] 
INFO [2026-01-18 20:57:19] $lwd
INFO [2026-01-18 20:57:19] [1] 2
INFO [2026-01-18 20:57:19] 
INFO [2026-01-18 20:57:19] $lty
INFO [2026-01-18 20:57:19] [1] "solid"
INFO [2026-01-18 20:57:19] 
INFO [2026-01-18 20:57:19] $col
INFO [2026-01-18 20:57:19] [1] "black"
INFO [2026-01-18 20:57:19] 
INFO [2026-01-18 20:57:19] $scaled
INFO [2026-01-18 20:57:19] [1] TRUE
INFO [2026-01-18 20:57:19] 
INFO [2026-01-18 20:57:19] $euler.d
INFO [2026-01-18 20:57:19] [1] TRUE
INFO [2026-01-18 20:57:19] 
INFO [2026-01-18 20:57:19] $sep.dist
INFO [2026-01-18 20:57:19] [1] 0.05
INFO [2026-01-18 20:57:19] 
INFO [2026-01-18 20:57:19] $rotation.degree
INFO [2026-01-18 20:57:19] [1] 0
INFO [2026-01-18 20:57:19] 
