INFO [2026-01-20 00:34:16] $x
INFO [2026-01-20 00:34:16] list(SA = SA_viruses, IA = IA_viruses, DA = DA_viruses)
INFO [2026-01-20 00:34:16] 
INFO [2026-01-20 00:34:16] $category.names
INFO [2026-01-20 00:34:16] c("SA", "IA", "DA")
INFO [2026-01-20 00:34:16] 
INFO [2026-01-20 00:34:16] $filename
INFO [2026-01-20 00:34:16] NULL
INFO [2026-01-20 00:34:16] 
INFO [2026-01-20 00:34:16] $fill
INFO [2026-01-20 00:34:16] venn_colors
INFO [2026-01-20 00:34:16] 
INFO [2026-01-20 00:34:16] $alpha
INFO [2026-01-20 00:34:16] [1] 0.5
INFO [2026-01-20 00:34:16] 
INFO [2026-01-20 00:34:16] $col
INFO [2026-01-20 00:34:16] [1] "black"
INFO [2026-01-20 00:34:16] 
INFO [2026-01-20 00:34:16] $lwd
INFO [2026-01-20 00:34:16] [1] 2
INFO [2026-01-20 00:34:16] 
INFO [2026-01-20 00:34:16] $lty
INFO [2026-01-20 00:34:16] [1] "solid"
INFO [2026-01-20 00:34:16] 
INFO [2026-01-20 00:34:16] $cex
INFO [2026-01-20 00:34:16] [1] 2
INFO [2026-01-20 00:34:16] 
INFO [2026-01-20 00:34:16] $fontface
INFO [2026-01-20 00:34:16] [1] "bold"
INFO [2026-01-20 00:34:16] 
INFO [2026-01-20 00:34:16] $fontfamily
INFO [2026-01-20 00:34:16] [1] "Times"
INFO [2026-01-20 00:34:16] 
INFO [2026-01-20 00:34:16] $cat.cex
INFO [2026-01-20 00:34:16] [1] 3
INFO [2026-01-20 00:34:16] 
INFO [2026-01-20 00:34:16] $cat.fontface
INFO [2026-01-20 00:34:16] [1] "bold"
INFO [2026-01-20 00:34:16] 
INFO [2026-01-20 00:34:16] $cat.fontfamily
INFO [2026-01-20 00:34:16] [1] "Times"
INFO [2026-01-20 00:34:16] 
INFO [2026-01-20 00:34:16] $cat.pos
INFO [2026-01-20 00:34:16] c(-30, 30, -180)
INFO [2026-01-20 00:34:16] 
INFO [2026-01-20 00:34:16] $cat.dist
INFO [2026-01-20 00:34:16] c(0.08, 0.08, 0.07)
INFO [2026-01-20 00:34:16] 
INFO [2026-01-20 00:34:16] $main
INFO [2026-01-20 00:34:16] NULL
INFO [2026-01-20 00:34:16] 
INFO [2026-01-20 00:34:16] $sub
INFO [2026-01-20 00:34:16] NULL
INFO [2026-01-20 00:34:16] 
INFO [2026-01-20 00:34:16] $scaled
INFO [2026-01-20 00:34:16] [1] TRUE
INFO [2026-01-20 00:34:16] 
INFO [2026-01-20 00:34:16] $euler.d
INFO [2026-01-20 00:34:16] [1] TRUE
INFO [2026-01-20 00:34:16] 
INFO [2026-01-20 00:34:16] $rotation.degree
INFO [2026-01-20 00:34:16] [1] 0
INFO [2026-01-20 00:34:16] 
