INFO [2026-01-18 23:06:10] $x
INFO [2026-01-18 23:06:10] list(BS = BS_rare, SA = SA_rare, IA = IA_rare, DA = DA_rare)
INFO [2026-01-18 23:06:10] 
INFO [2026-01-18 23:06:10] $filename
INFO [2026-01-18 23:06:10] NULL
INFO [2026-01-18 23:06:10] 
INFO [2026-01-18 23:06:10] $fill
INFO [2026-01-18 23:06:10] brewer.pal(4, "Set2")
INFO [2026-01-18 23:06:10] 
INFO [2026-01-18 23:06:10] $alpha
INFO [2026-01-18 23:06:10] [1] 0.5
INFO [2026-01-18 23:06:10] 
INFO [2026-01-18 23:06:10] $cex
INFO [2026-01-18 23:06:10] [1] 1.4
INFO [2026-01-18 23:06:10] 
INFO [2026-01-18 23:06:10] $fontface
INFO [2026-01-18 23:06:10] [1] "bold"
INFO [2026-01-18 23:06:10] 
INFO [2026-01-18 23:06:10] $fontfamily
INFO [2026-01-18 23:06:10] [1] "Times"
INFO [2026-01-18 23:06:10] 
INFO [2026-01-18 23:06:10] $cat.cex
INFO [2026-01-18 23:06:10] [1] 1.8
INFO [2026-01-18 23:06:10] 
INFO [2026-01-18 23:06:10] $cat.fontface
INFO [2026-01-18 23:06:10] [1] "bold"
INFO [2026-01-18 23:06:10] 
INFO [2026-01-18 23:06:10] $cat.fontfamily
INFO [2026-01-18 23:06:10] [1] "Times"
INFO [2026-01-18 23:06:10] 
INFO [2026-01-18 23:06:10] $cat.pos
INFO [2026-01-18 23:06:10] c(-20, 20, -20, 20)
INFO [2026-01-18 23:06:10] 
INFO [2026-01-18 23:06:10] $cat.dist
INFO [2026-01-18 23:06:10] c(0.21, 0.21, 0.11, 0.095)
INFO [2026-01-18 23:06:10] 
INFO [2026-01-18 23:06:10] $col
INFO [2026-01-18 23:06:10] [1] "black"
INFO [2026-01-18 23:06:10] 
INFO [2026-01-18 23:06:10] $lwd
INFO [2026-01-18 23:06:10] [1] 2
INFO [2026-01-18 23:06:10] 
INFO [2026-01-18 23:06:10] $lty
INFO [2026-01-18 23:06:10] [1] "solid"
INFO [2026-01-18 23:06:10] 
INFO [2026-01-18 23:06:10] $scaled
INFO [2026-01-18 23:06:10] [1] TRUE
INFO [2026-01-18 23:06:10] 
INFO [2026-01-18 23:06:10] $euler.d
INFO [2026-01-18 23:06:10] [1] TRUE
INFO [2026-01-18 23:06:10] 
INFO [2026-01-18 23:06:10] $sep.dist
INFO [2026-01-18 23:06:10] [1] 0.05
INFO [2026-01-18 23:06:10] 
INFO [2026-01-18 23:06:10] $rotation.degree
INFO [2026-01-18 23:06:10] [1] 0
INFO [2026-01-18 23:06:10] 
INFO [2026-01-18 23:06:10] $imagetype
INFO [2026-01-18 23:06:10] [1] "png"
INFO [2026-01-18 23:06:10] 
INFO [2026-01-18 23:06:10] $height
INFO [2026-01-18 23:06:10] [1] 2000
INFO [2026-01-18 23:06:10] 
INFO [2026-01-18 23:06:10] $width
INFO [2026-01-18 23:06:10] [1] 2000
INFO [2026-01-18 23:06:10] 
INFO [2026-01-18 23:06:10] $resolution
INFO [2026-01-18 23:06:10] [1] 300
INFO [2026-01-18 23:06:10] 
INFO [2026-01-18 23:06:10] $main
INFO [2026-01-18 23:06:10] NULL
INFO [2026-01-18 23:06:10] 
