INFO [2026-01-18 23:50:34] $x
INFO [2026-01-18 23:50:34] list(BS = BS_abundant, SA = SA_abundant, IA = IA_abundant, DA = DA_abundant)
INFO [2026-01-18 23:50:34] 
INFO [2026-01-18 23:50:34] $filename
INFO [2026-01-18 23:50:34] NULL
INFO [2026-01-18 23:50:34] 
INFO [2026-01-18 23:50:34] $fill
INFO [2026-01-18 23:50:34] brewer.pal(4, "Set2")
INFO [2026-01-18 23:50:34] 
INFO [2026-01-18 23:50:34] $alpha
INFO [2026-01-18 23:50:34] [1] 0.5
INFO [2026-01-18 23:50:34] 
INFO [2026-01-18 23:50:34] $cex
INFO [2026-01-18 23:50:34] [1] 2
INFO [2026-01-18 23:50:34] 
INFO [2026-01-18 23:50:34] $fontface
INFO [2026-01-18 23:50:34] [1] "bold"
INFO [2026-01-18 23:50:34] 
INFO [2026-01-18 23:50:34] $fontfamily
INFO [2026-01-18 23:50:34] [1] "Times"
INFO [2026-01-18 23:50:34] 
INFO [2026-01-18 23:50:34] $cat.cex
INFO [2026-01-18 23:50:34] [1] 2
INFO [2026-01-18 23:50:34] 
INFO [2026-01-18 23:50:34] $cat.fontface
INFO [2026-01-18 23:50:34] [1] "bold"
INFO [2026-01-18 23:50:34] 
INFO [2026-01-18 23:50:34] $cat.fontfamily
INFO [2026-01-18 23:50:34] [1] "Times"
INFO [2026-01-18 23:50:34] 
INFO [2026-01-18 23:50:34] $cat.pos
INFO [2026-01-18 23:50:34] c(-20, 20, -20, 20)
INFO [2026-01-18 23:50:34] 
INFO [2026-01-18 23:50:34] $cat.dist
INFO [2026-01-18 23:50:34] c(0.21, 0.21, 0.11, 0.095)
INFO [2026-01-18 23:50:34] 
INFO [2026-01-18 23:50:34] $col
INFO [2026-01-18 23:50:34] [1] "black"
INFO [2026-01-18 23:50:34] 
INFO [2026-01-18 23:50:34] $lwd
INFO [2026-01-18 23:50:34] [1] 2
INFO [2026-01-18 23:50:34] 
INFO [2026-01-18 23:50:34] $lty
INFO [2026-01-18 23:50:34] [1] "solid"
INFO [2026-01-18 23:50:34] 
INFO [2026-01-18 23:50:34] $scaled
INFO [2026-01-18 23:50:34] [1] TRUE
INFO [2026-01-18 23:50:34] 
INFO [2026-01-18 23:50:34] $euler.d
INFO [2026-01-18 23:50:34] [1] TRUE
INFO [2026-01-18 23:50:34] 
INFO [2026-01-18 23:50:34] $sep.dist
INFO [2026-01-18 23:50:34] [1] 0.05
INFO [2026-01-18 23:50:34] 
INFO [2026-01-18 23:50:34] $rotation.degree
INFO [2026-01-18 23:50:34] [1] 0
INFO [2026-01-18 23:50:34] 
INFO [2026-01-18 23:50:34] $imagetype
INFO [2026-01-18 23:50:34] [1] "png"
INFO [2026-01-18 23:50:34] 
INFO [2026-01-18 23:50:34] $height
INFO [2026-01-18 23:50:34] [1] 2000
INFO [2026-01-18 23:50:34] 
INFO [2026-01-18 23:50:34] $width
INFO [2026-01-18 23:50:34] [1] 2000
INFO [2026-01-18 23:50:34] 
INFO [2026-01-18 23:50:34] $resolution
INFO [2026-01-18 23:50:34] [1] 300
INFO [2026-01-18 23:50:34] 
INFO [2026-01-18 23:50:34] $main
INFO [2026-01-18 23:50:34] NULL
INFO [2026-01-18 23:50:34] 
