INFO [2026-01-21 15:22:28] $x
INFO [2026-01-21 15:22:28] list(BS = BS_viruses, SA = SA_viruses, IA = IA_viruses, DA = DA_viruses)
INFO [2026-01-21 15:22:28] 
INFO [2026-01-21 15:22:28] $category.names
INFO [2026-01-21 15:22:28] c("BS", "SA", "IA", "DA")
INFO [2026-01-21 15:22:28] 
INFO [2026-01-21 15:22:28] $filename
INFO [2026-01-21 15:22:28] NULL
INFO [2026-01-21 15:22:28] 
INFO [2026-01-21 15:22:28] $fill
INFO [2026-01-21 15:22:28] venn_colors
INFO [2026-01-21 15:22:28] 
INFO [2026-01-21 15:22:28] $alpha
INFO [2026-01-21 15:22:28] [1] 0.5
INFO [2026-01-21 15:22:28] 
INFO [2026-01-21 15:22:28] $cex
INFO [2026-01-21 15:22:28] [1] 2
INFO [2026-01-21 15:22:28] 
INFO [2026-01-21 15:22:28] $fontface
INFO [2026-01-21 15:22:28] [1] "bold"
INFO [2026-01-21 15:22:28] 
INFO [2026-01-21 15:22:28] $fontfamily
INFO [2026-01-21 15:22:28] [1] "Times"
INFO [2026-01-21 15:22:28] 
INFO [2026-01-21 15:22:28] $cat.cex
INFO [2026-01-21 15:22:28] [1] 3
INFO [2026-01-21 15:22:28] 
INFO [2026-01-21 15:22:28] $cat.fontface
INFO [2026-01-21 15:22:28] [1] "bold"
INFO [2026-01-21 15:22:28] 
INFO [2026-01-21 15:22:28] $cat.fontfamily
INFO [2026-01-21 15:22:28] [1] "Times"
INFO [2026-01-21 15:22:28] 
INFO [2026-01-21 15:22:28] $cat.dist
INFO [2026-01-21 15:22:28] c(0.2, 0.2, 0.1, 0.085)
INFO [2026-01-21 15:22:28] 
INFO [2026-01-21 15:22:28] $lwd
INFO [2026-01-21 15:22:28] [1] 2
INFO [2026-01-21 15:22:28] 
INFO [2026-01-21 15:22:28] $lty
INFO [2026-01-21 15:22:28] [1] "solid"
INFO [2026-01-21 15:22:28] 
INFO [2026-01-21 15:22:28] $col
INFO [2026-01-21 15:22:28] [1] "black"
INFO [2026-01-21 15:22:28] 
INFO [2026-01-21 15:22:28] $scaled
INFO [2026-01-21 15:22:28] [1] TRUE
INFO [2026-01-21 15:22:28] 
INFO [2026-01-21 15:22:28] $euler.d
INFO [2026-01-21 15:22:28] [1] TRUE
INFO [2026-01-21 15:22:28] 
INFO [2026-01-21 15:22:28] $sep.dist
INFO [2026-01-21 15:22:28] [1] 0.05
INFO [2026-01-21 15:22:28] 
INFO [2026-01-21 15:22:28] $rotation.degree
INFO [2026-01-21 15:22:28] [1] 0
INFO [2026-01-21 15:22:28] 
