INFO [2026-01-18 20:44:30] $x
INFO [2026-01-18 20:44:30] list(BS = BS_viruses, SA = SA_viruses, IA = IA_viruses, DA = DA_viruses)
INFO [2026-01-18 20:44:30] 
INFO [2026-01-18 20:44:30] $category.names
INFO [2026-01-18 20:44:30] c("BS", "SA", "IA", "DA")
INFO [2026-01-18 20:44:30] 
INFO [2026-01-18 20:44:30] $filename
INFO [2026-01-18 20:44:30] NULL
INFO [2026-01-18 20:44:30] 
INFO [2026-01-18 20:44:30] $fill
INFO [2026-01-18 20:44:30] venn_colors
INFO [2026-01-18 20:44:30] 
INFO [2026-01-18 20:44:30] $alpha
INFO [2026-01-18 20:44:30] [1] 0.5
INFO [2026-01-18 20:44:30] 
INFO [2026-01-18 20:44:30] $cex
INFO [2026-01-18 20:44:30] [1] 2
INFO [2026-01-18 20:44:30] 
INFO [2026-01-18 20:44:30] $fontface
INFO [2026-01-18 20:44:30] [1] "bold"
INFO [2026-01-18 20:44:30] 
INFO [2026-01-18 20:44:30] $fontfamily
INFO [2026-01-18 20:44:30] [1] "Times"
INFO [2026-01-18 20:44:30] 
INFO [2026-01-18 20:44:30] $cat.cex
INFO [2026-01-18 20:44:30] [1] 3
INFO [2026-01-18 20:44:30] 
INFO [2026-01-18 20:44:30] $cat.fontface
INFO [2026-01-18 20:44:30] [1] "bold"
INFO [2026-01-18 20:44:30] 
INFO [2026-01-18 20:44:30] $cat.fontfamily
INFO [2026-01-18 20:44:30] [1] "Times"
INFO [2026-01-18 20:44:30] 
INFO [2026-01-18 20:44:30] $cat.dist
INFO [2026-01-18 20:44:30] c(0.2, 0.2, 0.1, 0.085)
INFO [2026-01-18 20:44:30] 
INFO [2026-01-18 20:44:30] $lwd
INFO [2026-01-18 20:44:30] [1] 2
INFO [2026-01-18 20:44:30] 
INFO [2026-01-18 20:44:30] $lty
INFO [2026-01-18 20:44:30] [1] "solid"
INFO [2026-01-18 20:44:30] 
INFO [2026-01-18 20:44:30] $col
INFO [2026-01-18 20:44:30] [1] "black"
INFO [2026-01-18 20:44:30] 
INFO [2026-01-18 20:44:30] $scaled
INFO [2026-01-18 20:44:30] [1] TRUE
INFO [2026-01-18 20:44:30] 
INFO [2026-01-18 20:44:30] $euler.d
INFO [2026-01-18 20:44:30] [1] TRUE
INFO [2026-01-18 20:44:30] 
INFO [2026-01-18 20:44:30] $sep.dist
INFO [2026-01-18 20:44:30] [1] 0.05
INFO [2026-01-18 20:44:30] 
INFO [2026-01-18 20:44:30] $rotation.degree
INFO [2026-01-18 20:44:30] [1] 0
INFO [2026-01-18 20:44:30] 
