INFO [2026-01-18 20:16:42] $x
INFO [2026-01-18 20:16:42] list(BS = BS_viruses, SA = SA_viruses, IA = IA_viruses, DA = DA_viruses)
INFO [2026-01-18 20:16:42] 
INFO [2026-01-18 20:16:42] $category.names
INFO [2026-01-18 20:16:42] c("BS", "SA", "IA", "DA")
INFO [2026-01-18 20:16:42] 
INFO [2026-01-18 20:16:42] $filename
INFO [2026-01-18 20:16:42] NULL
INFO [2026-01-18 20:16:42] 
INFO [2026-01-18 20:16:42] $fill
INFO [2026-01-18 20:16:42] venn_colors
INFO [2026-01-18 20:16:42] 
INFO [2026-01-18 20:16:42] $alpha
INFO [2026-01-18 20:16:42] [1] 0.5
INFO [2026-01-18 20:16:42] 
INFO [2026-01-18 20:16:42] $cex
INFO [2026-01-18 20:16:42] [1] 2
INFO [2026-01-18 20:16:42] 
INFO [2026-01-18 20:16:42] $fontface
INFO [2026-01-18 20:16:42] [1] "bold"
INFO [2026-01-18 20:16:42] 
INFO [2026-01-18 20:16:42] $fontfamily
INFO [2026-01-18 20:16:42] [1] "Times"
INFO [2026-01-18 20:16:42] 
INFO [2026-01-18 20:16:42] $cat.cex
INFO [2026-01-18 20:16:42] [1] 3
INFO [2026-01-18 20:16:42] 
INFO [2026-01-18 20:16:42] $cat.fontface
INFO [2026-01-18 20:16:42] [1] "bold"
INFO [2026-01-18 20:16:42] 
INFO [2026-01-18 20:16:42] $cat.fontfamily
INFO [2026-01-18 20:16:42] [1] "Times"
INFO [2026-01-18 20:16:42] 
INFO [2026-01-18 20:16:42] $cat.dist
INFO [2026-01-18 20:16:42] c(0.2, 0.2, 0.1, 0.085)
INFO [2026-01-18 20:16:42] 
INFO [2026-01-18 20:16:42] $lwd
INFO [2026-01-18 20:16:42] [1] 2
INFO [2026-01-18 20:16:42] 
INFO [2026-01-18 20:16:42] $lty
INFO [2026-01-18 20:16:42] [1] "solid"
INFO [2026-01-18 20:16:42] 
INFO [2026-01-18 20:16:42] $col
INFO [2026-01-18 20:16:42] [1] "black"
INFO [2026-01-18 20:16:42] 
INFO [2026-01-18 20:16:42] $scaled
INFO [2026-01-18 20:16:42] [1] TRUE
INFO [2026-01-18 20:16:42] 
INFO [2026-01-18 20:16:42] $euler.d
INFO [2026-01-18 20:16:42] [1] TRUE
INFO [2026-01-18 20:16:42] 
INFO [2026-01-18 20:16:42] $sep.dist
INFO [2026-01-18 20:16:42] [1] 0.05
INFO [2026-01-18 20:16:42] 
INFO [2026-01-18 20:16:42] $rotation.degree
INFO [2026-01-18 20:16:42] [1] 0
INFO [2026-01-18 20:16:42] 
