INFO [2026-01-20 01:45:07] $x
INFO [2026-01-20 01:45:07] list(BS = BS_viruses, SA = SA_viruses, IA = IA_viruses, DA = DA_viruses)
INFO [2026-01-20 01:45:07] 
INFO [2026-01-20 01:45:07] $category.names
INFO [2026-01-20 01:45:07] c("BS", "SA", "IA", "DA")
INFO [2026-01-20 01:45:07] 
INFO [2026-01-20 01:45:07] $filename
INFO [2026-01-20 01:45:07] NULL
INFO [2026-01-20 01:45:07] 
INFO [2026-01-20 01:45:07] $fill
INFO [2026-01-20 01:45:07] venn_colors
INFO [2026-01-20 01:45:07] 
INFO [2026-01-20 01:45:07] $alpha
INFO [2026-01-20 01:45:07] [1] 0.5
INFO [2026-01-20 01:45:07] 
INFO [2026-01-20 01:45:07] $cex
INFO [2026-01-20 01:45:07] [1] 2
INFO [2026-01-20 01:45:07] 
INFO [2026-01-20 01:45:07] $fontface
INFO [2026-01-20 01:45:07] [1] "bold"
INFO [2026-01-20 01:45:07] 
INFO [2026-01-20 01:45:07] $fontfamily
INFO [2026-01-20 01:45:07] [1] "Times"
INFO [2026-01-20 01:45:07] 
INFO [2026-01-20 01:45:07] $cat.cex
INFO [2026-01-20 01:45:07] [1] 3
INFO [2026-01-20 01:45:07] 
INFO [2026-01-20 01:45:07] $cat.fontface
INFO [2026-01-20 01:45:07] [1] "bold"
INFO [2026-01-20 01:45:07] 
INFO [2026-01-20 01:45:07] $cat.fontfamily
INFO [2026-01-20 01:45:07] [1] "Times"
INFO [2026-01-20 01:45:07] 
INFO [2026-01-20 01:45:07] $cat.dist
INFO [2026-01-20 01:45:07] c(0.2, 0.2, 0.1, 0.085)
INFO [2026-01-20 01:45:07] 
INFO [2026-01-20 01:45:07] $lwd
INFO [2026-01-20 01:45:07] [1] 2
INFO [2026-01-20 01:45:07] 
INFO [2026-01-20 01:45:07] $lty
INFO [2026-01-20 01:45:07] [1] "solid"
INFO [2026-01-20 01:45:07] 
INFO [2026-01-20 01:45:07] $col
INFO [2026-01-20 01:45:07] [1] "black"
INFO [2026-01-20 01:45:07] 
INFO [2026-01-20 01:45:07] $scaled
INFO [2026-01-20 01:45:07] [1] TRUE
INFO [2026-01-20 01:45:07] 
INFO [2026-01-20 01:45:07] $euler.d
INFO [2026-01-20 01:45:07] [1] TRUE
INFO [2026-01-20 01:45:07] 
INFO [2026-01-20 01:45:07] $sep.dist
INFO [2026-01-20 01:45:07] [1] 0.05
INFO [2026-01-20 01:45:07] 
INFO [2026-01-20 01:45:07] $rotation.degree
INFO [2026-01-20 01:45:07] [1] 0
INFO [2026-01-20 01:45:07] 
