INFO [2026-01-20 11:11:57] $x
INFO [2026-01-20 11:11:57] list(BS = BS_viruses, SA = SA_viruses, IA = IA_viruses, DA = DA_viruses)
INFO [2026-01-20 11:11:57] 
INFO [2026-01-20 11:11:57] $category.names
INFO [2026-01-20 11:11:57] c("BS", "SA", "IA", "DA")
INFO [2026-01-20 11:11:57] 
INFO [2026-01-20 11:11:57] $filename
INFO [2026-01-20 11:11:57] NULL
INFO [2026-01-20 11:11:57] 
INFO [2026-01-20 11:11:57] $fill
INFO [2026-01-20 11:11:57] venn_colors
INFO [2026-01-20 11:11:57] 
INFO [2026-01-20 11:11:57] $alpha
INFO [2026-01-20 11:11:57] [1] 0.5
INFO [2026-01-20 11:11:57] 
INFO [2026-01-20 11:11:57] $cex
INFO [2026-01-20 11:11:57] [1] 2
INFO [2026-01-20 11:11:57] 
INFO [2026-01-20 11:11:57] $fontface
INFO [2026-01-20 11:11:57] [1] "bold"
INFO [2026-01-20 11:11:57] 
INFO [2026-01-20 11:11:57] $fontfamily
INFO [2026-01-20 11:11:57] [1] "Times"
INFO [2026-01-20 11:11:57] 
INFO [2026-01-20 11:11:57] $cat.cex
INFO [2026-01-20 11:11:57] [1] 3
INFO [2026-01-20 11:11:57] 
INFO [2026-01-20 11:11:57] $cat.fontface
INFO [2026-01-20 11:11:57] [1] "bold"
INFO [2026-01-20 11:11:57] 
INFO [2026-01-20 11:11:57] $cat.fontfamily
INFO [2026-01-20 11:11:57] [1] "Times"
INFO [2026-01-20 11:11:57] 
INFO [2026-01-20 11:11:57] $cat.dist
INFO [2026-01-20 11:11:57] c(0.2, 0.2, 0.1, 0.085)
INFO [2026-01-20 11:11:57] 
INFO [2026-01-20 11:11:57] $lwd
INFO [2026-01-20 11:11:57] [1] 2
INFO [2026-01-20 11:11:57] 
INFO [2026-01-20 11:11:57] $lty
INFO [2026-01-20 11:11:57] [1] "solid"
INFO [2026-01-20 11:11:57] 
INFO [2026-01-20 11:11:57] $col
INFO [2026-01-20 11:11:57] [1] "black"
INFO [2026-01-20 11:11:57] 
INFO [2026-01-20 11:11:57] $scaled
INFO [2026-01-20 11:11:57] [1] TRUE
INFO [2026-01-20 11:11:57] 
INFO [2026-01-20 11:11:57] $euler.d
INFO [2026-01-20 11:11:57] [1] TRUE
INFO [2026-01-20 11:11:57] 
INFO [2026-01-20 11:11:57] $sep.dist
INFO [2026-01-20 11:11:57] [1] 0.05
INFO [2026-01-20 11:11:57] 
INFO [2026-01-20 11:11:57] $rotation.degree
INFO [2026-01-20 11:11:57] [1] 0
INFO [2026-01-20 11:11:57] 
