INFO [2026-01-18 20:20:08] $x
INFO [2026-01-18 20:20:08] list(BS = BS_viruses, SA = SA_viruses, IA = IA_viruses, DA = DA_viruses)
INFO [2026-01-18 20:20:08] 
INFO [2026-01-18 20:20:08] $category.names
INFO [2026-01-18 20:20:08] c("BS", "SA", "IA", "DA")
INFO [2026-01-18 20:20:08] 
INFO [2026-01-18 20:20:08] $filename
INFO [2026-01-18 20:20:08] NULL
INFO [2026-01-18 20:20:08] 
INFO [2026-01-18 20:20:08] $fill
INFO [2026-01-18 20:20:08] venn_colors
INFO [2026-01-18 20:20:08] 
INFO [2026-01-18 20:20:08] $alpha
INFO [2026-01-18 20:20:08] [1] 0.5
INFO [2026-01-18 20:20:08] 
INFO [2026-01-18 20:20:08] $cex
INFO [2026-01-18 20:20:08] [1] 2
INFO [2026-01-18 20:20:08] 
INFO [2026-01-18 20:20:08] $fontface
INFO [2026-01-18 20:20:08] [1] "bold"
INFO [2026-01-18 20:20:08] 
INFO [2026-01-18 20:20:08] $fontfamily
INFO [2026-01-18 20:20:08] [1] "Times"
INFO [2026-01-18 20:20:08] 
INFO [2026-01-18 20:20:08] $cat.cex
INFO [2026-01-18 20:20:08] [1] 3
INFO [2026-01-18 20:20:08] 
INFO [2026-01-18 20:20:08] $cat.fontface
INFO [2026-01-18 20:20:08] [1] "bold"
INFO [2026-01-18 20:20:08] 
INFO [2026-01-18 20:20:08] $cat.fontfamily
INFO [2026-01-18 20:20:08] [1] "Times"
INFO [2026-01-18 20:20:08] 
INFO [2026-01-18 20:20:08] $cat.dist
INFO [2026-01-18 20:20:08] c(0.2, 0.2, 0.1, 0.085)
INFO [2026-01-18 20:20:08] 
INFO [2026-01-18 20:20:08] $lwd
INFO [2026-01-18 20:20:08] [1] 2
INFO [2026-01-18 20:20:08] 
INFO [2026-01-18 20:20:08] $lty
INFO [2026-01-18 20:20:08] [1] "solid"
INFO [2026-01-18 20:20:08] 
INFO [2026-01-18 20:20:08] $col
INFO [2026-01-18 20:20:08] [1] "black"
INFO [2026-01-18 20:20:08] 
INFO [2026-01-18 20:20:08] $scaled
INFO [2026-01-18 20:20:08] [1] TRUE
INFO [2026-01-18 20:20:08] 
INFO [2026-01-18 20:20:08] $euler.d
INFO [2026-01-18 20:20:08] [1] TRUE
INFO [2026-01-18 20:20:08] 
INFO [2026-01-18 20:20:08] $sep.dist
INFO [2026-01-18 20:20:08] [1] 0.05
INFO [2026-01-18 20:20:08] 
INFO [2026-01-18 20:20:08] $rotation.degree
INFO [2026-01-18 20:20:08] [1] 0
INFO [2026-01-18 20:20:08] 
