INFO [2026-01-20 00:39:12] $x
INFO [2026-01-20 00:39:12] list(SA = SA_viruses, IA = IA_viruses, DA = DA_viruses)
INFO [2026-01-20 00:39:12] 
INFO [2026-01-20 00:39:12] $category.names
INFO [2026-01-20 00:39:12] c("SA", "IA", "DA")
INFO [2026-01-20 00:39:12] 
INFO [2026-01-20 00:39:12] $filename
INFO [2026-01-20 00:39:12] NULL
INFO [2026-01-20 00:39:12] 
INFO [2026-01-20 00:39:12] $fill
INFO [2026-01-20 00:39:12] venn_colors
INFO [2026-01-20 00:39:12] 
INFO [2026-01-20 00:39:12] $alpha
INFO [2026-01-20 00:39:12] [1] 0.5
INFO [2026-01-20 00:39:12] 
INFO [2026-01-20 00:39:12] $col
INFO [2026-01-20 00:39:12] [1] "black"
INFO [2026-01-20 00:39:12] 
INFO [2026-01-20 00:39:12] $lwd
INFO [2026-01-20 00:39:12] [1] 2
INFO [2026-01-20 00:39:12] 
INFO [2026-01-20 00:39:12] $lty
INFO [2026-01-20 00:39:12] [1] "solid"
INFO [2026-01-20 00:39:12] 
INFO [2026-01-20 00:39:12] $cex
INFO [2026-01-20 00:39:12] [1] 2.4
INFO [2026-01-20 00:39:12] 
INFO [2026-01-20 00:39:12] $fontface
INFO [2026-01-20 00:39:12] [1] "bold"
INFO [2026-01-20 00:39:12] 
INFO [2026-01-20 00:39:12] $fontfamily
INFO [2026-01-20 00:39:12] [1] "Times"
INFO [2026-01-20 00:39:12] 
INFO [2026-01-20 00:39:12] $cat.cex
INFO [2026-01-20 00:39:12] [1] 3
INFO [2026-01-20 00:39:12] 
INFO [2026-01-20 00:39:12] $cat.fontface
INFO [2026-01-20 00:39:12] [1] "bold"
INFO [2026-01-20 00:39:12] 
INFO [2026-01-20 00:39:12] $cat.fontfamily
INFO [2026-01-20 00:39:12] [1] "Times"
INFO [2026-01-20 00:39:12] 
INFO [2026-01-20 00:39:12] $cat.pos
INFO [2026-01-20 00:39:12] c(-30, 30, -180)
INFO [2026-01-20 00:39:12] 
INFO [2026-01-20 00:39:12] $cat.dist
INFO [2026-01-20 00:39:12] c(0.08, 0.08, 0.07)
INFO [2026-01-20 00:39:12] 
INFO [2026-01-20 00:39:12] $main
INFO [2026-01-20 00:39:12] NULL
INFO [2026-01-20 00:39:12] 
INFO [2026-01-20 00:39:12] $sub
INFO [2026-01-20 00:39:12] NULL
INFO [2026-01-20 00:39:12] 
INFO [2026-01-20 00:39:12] $scaled
INFO [2026-01-20 00:39:12] [1] TRUE
INFO [2026-01-20 00:39:12] 
INFO [2026-01-20 00:39:12] $euler.d
INFO [2026-01-20 00:39:12] [1] TRUE
INFO [2026-01-20 00:39:12] 
INFO [2026-01-20 00:39:12] $rotation.degree
INFO [2026-01-20 00:39:12] [1] 0
INFO [2026-01-20 00:39:12] 
