INFO [2026-01-20 00:32:34] $x
INFO [2026-01-20 00:32:34] list(SA = SA_viruses, IA = IA_viruses, DA = DA_viruses)
INFO [2026-01-20 00:32:34] 
INFO [2026-01-20 00:32:34] $category.names
INFO [2026-01-20 00:32:34] c("SA", "IA", "DA")
INFO [2026-01-20 00:32:34] 
INFO [2026-01-20 00:32:34] $filename
INFO [2026-01-20 00:32:34] NULL
INFO [2026-01-20 00:32:34] 
INFO [2026-01-20 00:32:34] $fill
INFO [2026-01-20 00:32:34] venn_colors
INFO [2026-01-20 00:32:34] 
INFO [2026-01-20 00:32:34] $alpha
INFO [2026-01-20 00:32:34] [1] 0.5
INFO [2026-01-20 00:32:34] 
INFO [2026-01-20 00:32:34] $col
INFO [2026-01-20 00:32:34] [1] "black"
INFO [2026-01-20 00:32:34] 
INFO [2026-01-20 00:32:34] $lwd
INFO [2026-01-20 00:32:34] [1] 2
INFO [2026-01-20 00:32:34] 
INFO [2026-01-20 00:32:34] $lty
INFO [2026-01-20 00:32:34] [1] "solid"
INFO [2026-01-20 00:32:34] 
INFO [2026-01-20 00:32:34] $cex
INFO [2026-01-20 00:32:34] [1] 2
INFO [2026-01-20 00:32:34] 
INFO [2026-01-20 00:32:34] $fontface
INFO [2026-01-20 00:32:34] [1] "bold"
INFO [2026-01-20 00:32:34] 
INFO [2026-01-20 00:32:34] $fontfamily
INFO [2026-01-20 00:32:34] [1] "Times"
INFO [2026-01-20 00:32:34] 
INFO [2026-01-20 00:32:34] $cat.cex
INFO [2026-01-20 00:32:34] [1] 3
INFO [2026-01-20 00:32:34] 
INFO [2026-01-20 00:32:34] $cat.fontface
INFO [2026-01-20 00:32:34] [1] "bold"
INFO [2026-01-20 00:32:34] 
INFO [2026-01-20 00:32:34] $cat.fontfamily
INFO [2026-01-20 00:32:34] [1] "Times"
INFO [2026-01-20 00:32:34] 
INFO [2026-01-20 00:32:34] $cat.pos
INFO [2026-01-20 00:32:34] c(-30, 30, -180)
INFO [2026-01-20 00:32:34] 
INFO [2026-01-20 00:32:34] $cat.dist
INFO [2026-01-20 00:32:34] c(0.08, 0.08, 0.07)
INFO [2026-01-20 00:32:34] 
INFO [2026-01-20 00:32:34] $scaled
INFO [2026-01-20 00:32:34] [1] TRUE
INFO [2026-01-20 00:32:34] 
INFO [2026-01-20 00:32:34] $euler.d
INFO [2026-01-20 00:32:34] [1] TRUE
INFO [2026-01-20 00:32:34] 
INFO [2026-01-20 00:32:34] $rotation.degree
INFO [2026-01-20 00:32:34] [1] 0
INFO [2026-01-20 00:32:34] 
