INFO [2026-01-18 23:56:42] $x
INFO [2026-01-18 23:56:42] list(BS = BS_abundant, SA = SA_abundant, IA = IA_abundant, DA = DA_abundant)
INFO [2026-01-18 23:56:42] 
INFO [2026-01-18 23:56:42] $filename
INFO [2026-01-18 23:56:42] NULL
INFO [2026-01-18 23:56:42] 
INFO [2026-01-18 23:56:42] $fill
INFO [2026-01-18 23:56:42] brewer.pal(4, "Set2")
INFO [2026-01-18 23:56:42] 
INFO [2026-01-18 23:56:42] $alpha
INFO [2026-01-18 23:56:42] [1] 0.5
INFO [2026-01-18 23:56:42] 
INFO [2026-01-18 23:56:42] $cex
INFO [2026-01-18 23:56:42] [1] 2
INFO [2026-01-18 23:56:42] 
INFO [2026-01-18 23:56:42] $fontface
INFO [2026-01-18 23:56:42] [1] "bold"
INFO [2026-01-18 23:56:42] 
INFO [2026-01-18 23:56:42] $fontfamily
INFO [2026-01-18 23:56:42] [1] "Times"
INFO [2026-01-18 23:56:42] 
INFO [2026-01-18 23:56:42] $cat.cex
INFO [2026-01-18 23:56:42] [1] 2
INFO [2026-01-18 23:56:42] 
INFO [2026-01-18 23:56:42] $cat.fontface
INFO [2026-01-18 23:56:42] [1] "bold"
INFO [2026-01-18 23:56:42] 
INFO [2026-01-18 23:56:42] $cat.fontfamily
INFO [2026-01-18 23:56:42] [1] "Times"
INFO [2026-01-18 23:56:42] 
INFO [2026-01-18 23:56:42] $cat.pos
INFO [2026-01-18 23:56:42] c(-20, 20, -20, 20)
INFO [2026-01-18 23:56:42] 
INFO [2026-01-18 23:56:42] $cat.dist
INFO [2026-01-18 23:56:42] c(0.21, 0.21, 0.11, 0.095)
INFO [2026-01-18 23:56:42] 
INFO [2026-01-18 23:56:42] $col
INFO [2026-01-18 23:56:42] [1] "black"
INFO [2026-01-18 23:56:42] 
INFO [2026-01-18 23:56:42] $lwd
INFO [2026-01-18 23:56:42] [1] 2
INFO [2026-01-18 23:56:42] 
INFO [2026-01-18 23:56:42] $lty
INFO [2026-01-18 23:56:42] [1] "solid"
INFO [2026-01-18 23:56:42] 
INFO [2026-01-18 23:56:42] $scaled
INFO [2026-01-18 23:56:42] [1] TRUE
INFO [2026-01-18 23:56:42] 
INFO [2026-01-18 23:56:42] $euler.d
INFO [2026-01-18 23:56:42] [1] TRUE
INFO [2026-01-18 23:56:42] 
INFO [2026-01-18 23:56:42] $sep.dist
INFO [2026-01-18 23:56:42] [1] 0.05
INFO [2026-01-18 23:56:42] 
INFO [2026-01-18 23:56:42] $rotation.degree
INFO [2026-01-18 23:56:42] [1] 0
INFO [2026-01-18 23:56:42] 
INFO [2026-01-18 23:56:42] $imagetype
INFO [2026-01-18 23:56:42] [1] "png"
INFO [2026-01-18 23:56:42] 
INFO [2026-01-18 23:56:42] $height
INFO [2026-01-18 23:56:42] [1] 2000
INFO [2026-01-18 23:56:42] 
INFO [2026-01-18 23:56:42] $width
INFO [2026-01-18 23:56:42] [1] 2000
INFO [2026-01-18 23:56:42] 
INFO [2026-01-18 23:56:42] $resolution
INFO [2026-01-18 23:56:42] [1] 300
INFO [2026-01-18 23:56:42] 
INFO [2026-01-18 23:56:42] $main
INFO [2026-01-18 23:56:42] NULL
INFO [2026-01-18 23:56:42] 
