INFO [2026-01-18 23:53:18] $x
INFO [2026-01-18 23:53:18] list(BS = BS_rare, SA = SA_rare, IA = IA_rare, DA = DA_rare)
INFO [2026-01-18 23:53:18] 
INFO [2026-01-18 23:53:18] $filename
INFO [2026-01-18 23:53:18] NULL
INFO [2026-01-18 23:53:18] 
INFO [2026-01-18 23:53:18] $fill
INFO [2026-01-18 23:53:18] brewer.pal(4, "Set2")
INFO [2026-01-18 23:53:18] 
INFO [2026-01-18 23:53:18] $alpha
INFO [2026-01-18 23:53:18] [1] 0.5
INFO [2026-01-18 23:53:18] 
INFO [2026-01-18 23:53:18] $cex
INFO [2026-01-18 23:53:18] [1] 2
INFO [2026-01-18 23:53:18] 
INFO [2026-01-18 23:53:18] $fontface
INFO [2026-01-18 23:53:18] [1] "bold"
INFO [2026-01-18 23:53:18] 
INFO [2026-01-18 23:53:18] $fontfamily
INFO [2026-01-18 23:53:18] [1] "Times"
INFO [2026-01-18 23:53:18] 
INFO [2026-01-18 23:53:18] $cat.cex
INFO [2026-01-18 23:53:18] [1] 2
INFO [2026-01-18 23:53:18] 
INFO [2026-01-18 23:53:18] $cat.fontface
INFO [2026-01-18 23:53:18] [1] "bold"
INFO [2026-01-18 23:53:18] 
INFO [2026-01-18 23:53:18] $cat.fontfamily
INFO [2026-01-18 23:53:18] [1] "Times"
INFO [2026-01-18 23:53:18] 
INFO [2026-01-18 23:53:18] $cat.pos
INFO [2026-01-18 23:53:18] c(-20, 20, -20, 20)
INFO [2026-01-18 23:53:18] 
INFO [2026-01-18 23:53:18] $cat.dist
INFO [2026-01-18 23:53:18] c(0.21, 0.21, 0.11, 0.095)
INFO [2026-01-18 23:53:18] 
INFO [2026-01-18 23:53:18] $col
INFO [2026-01-18 23:53:18] [1] "black"
INFO [2026-01-18 23:53:18] 
INFO [2026-01-18 23:53:18] $lwd
INFO [2026-01-18 23:53:18] [1] 2
INFO [2026-01-18 23:53:18] 
INFO [2026-01-18 23:53:18] $lty
INFO [2026-01-18 23:53:18] [1] "solid"
INFO [2026-01-18 23:53:18] 
INFO [2026-01-18 23:53:18] $scaled
INFO [2026-01-18 23:53:18] [1] TRUE
INFO [2026-01-18 23:53:18] 
INFO [2026-01-18 23:53:18] $euler.d
INFO [2026-01-18 23:53:18] [1] TRUE
INFO [2026-01-18 23:53:18] 
INFO [2026-01-18 23:53:18] $sep.dist
INFO [2026-01-18 23:53:18] [1] 0.05
INFO [2026-01-18 23:53:18] 
INFO [2026-01-18 23:53:18] $rotation.degree
INFO [2026-01-18 23:53:18] [1] 0
INFO [2026-01-18 23:53:18] 
INFO [2026-01-18 23:53:18] $imagetype
INFO [2026-01-18 23:53:18] [1] "png"
INFO [2026-01-18 23:53:18] 
INFO [2026-01-18 23:53:18] $height
INFO [2026-01-18 23:53:18] [1] 2000
INFO [2026-01-18 23:53:18] 
INFO [2026-01-18 23:53:18] $width
INFO [2026-01-18 23:53:18] [1] 2000
INFO [2026-01-18 23:53:18] 
INFO [2026-01-18 23:53:18] $resolution
INFO [2026-01-18 23:53:18] [1] 300
INFO [2026-01-18 23:53:18] 
INFO [2026-01-18 23:53:18] $main
INFO [2026-01-18 23:53:18] NULL
INFO [2026-01-18 23:53:18] 
