INFO [2026-01-18 23:07:55] $x
INFO [2026-01-18 23:07:55] list(BS = BS_rare, SA = SA_rare, IA = IA_rare, DA = DA_rare)
INFO [2026-01-18 23:07:55] 
INFO [2026-01-18 23:07:55] $filename
INFO [2026-01-18 23:07:55] NULL
INFO [2026-01-18 23:07:55] 
INFO [2026-01-18 23:07:55] $fill
INFO [2026-01-18 23:07:55] brewer.pal(4, "Set2")
INFO [2026-01-18 23:07:55] 
INFO [2026-01-18 23:07:55] $alpha
INFO [2026-01-18 23:07:55] [1] 0.5
INFO [2026-01-18 23:07:55] 
INFO [2026-01-18 23:07:55] $cex
INFO [2026-01-18 23:07:55] [1] 1.4
INFO [2026-01-18 23:07:55] 
INFO [2026-01-18 23:07:55] $fontface
INFO [2026-01-18 23:07:55] [1] "bold"
INFO [2026-01-18 23:07:55] 
INFO [2026-01-18 23:07:55] $fontfamily
INFO [2026-01-18 23:07:55] [1] "Times"
INFO [2026-01-18 23:07:55] 
INFO [2026-01-18 23:07:55] $cat.cex
INFO [2026-01-18 23:07:55] [1] 1.8
INFO [2026-01-18 23:07:55] 
INFO [2026-01-18 23:07:55] $cat.fontface
INFO [2026-01-18 23:07:55] [1] "bold"
INFO [2026-01-18 23:07:55] 
INFO [2026-01-18 23:07:55] $cat.fontfamily
INFO [2026-01-18 23:07:55] [1] "Times"
INFO [2026-01-18 23:07:55] 
INFO [2026-01-18 23:07:55] $cat.pos
INFO [2026-01-18 23:07:55] c(-20, 20, -20, 20)
INFO [2026-01-18 23:07:55] 
INFO [2026-01-18 23:07:55] $cat.dist
INFO [2026-01-18 23:07:55] c(0.21, 0.21, 0.11, 0.095)
INFO [2026-01-18 23:07:55] 
INFO [2026-01-18 23:07:55] $col
INFO [2026-01-18 23:07:55] [1] "black"
INFO [2026-01-18 23:07:55] 
INFO [2026-01-18 23:07:55] $lwd
INFO [2026-01-18 23:07:55] [1] 2
INFO [2026-01-18 23:07:55] 
INFO [2026-01-18 23:07:55] $lty
INFO [2026-01-18 23:07:55] [1] "solid"
INFO [2026-01-18 23:07:55] 
INFO [2026-01-18 23:07:55] $scaled
INFO [2026-01-18 23:07:55] [1] TRUE
INFO [2026-01-18 23:07:55] 
INFO [2026-01-18 23:07:55] $euler.d
INFO [2026-01-18 23:07:55] [1] TRUE
INFO [2026-01-18 23:07:55] 
INFO [2026-01-18 23:07:55] $sep.dist
INFO [2026-01-18 23:07:55] [1] 0.05
INFO [2026-01-18 23:07:55] 
INFO [2026-01-18 23:07:55] $rotation.degree
INFO [2026-01-18 23:07:55] [1] 0
INFO [2026-01-18 23:07:55] 
INFO [2026-01-18 23:07:55] $imagetype
INFO [2026-01-18 23:07:55] [1] "png"
INFO [2026-01-18 23:07:55] 
INFO [2026-01-18 23:07:55] $height
INFO [2026-01-18 23:07:55] [1] 2000
INFO [2026-01-18 23:07:55] 
INFO [2026-01-18 23:07:55] $width
INFO [2026-01-18 23:07:55] [1] 2000
INFO [2026-01-18 23:07:55] 
INFO [2026-01-18 23:07:55] $resolution
INFO [2026-01-18 23:07:55] [1] 300
INFO [2026-01-18 23:07:55] 
INFO [2026-01-18 23:07:55] $main
INFO [2026-01-18 23:07:55] NULL
INFO [2026-01-18 23:07:55] 
