INFO [2026-01-20 00:39:39] $x
INFO [2026-01-20 00:39:39] list(SA = SA_viruses, IA = IA_viruses, DA = DA_viruses)
INFO [2026-01-20 00:39:39] 
INFO [2026-01-20 00:39:39] $category.names
INFO [2026-01-20 00:39:39] c("SA", "IA", "DA")
INFO [2026-01-20 00:39:39] 
INFO [2026-01-20 00:39:39] $filename
INFO [2026-01-20 00:39:39] NULL
INFO [2026-01-20 00:39:39] 
INFO [2026-01-20 00:39:39] $fill
INFO [2026-01-20 00:39:39] venn_colors
INFO [2026-01-20 00:39:39] 
INFO [2026-01-20 00:39:39] $alpha
INFO [2026-01-20 00:39:39] [1] 0.5
INFO [2026-01-20 00:39:39] 
INFO [2026-01-20 00:39:39] $col
INFO [2026-01-20 00:39:39] [1] "black"
INFO [2026-01-20 00:39:39] 
INFO [2026-01-20 00:39:39] $lwd
INFO [2026-01-20 00:39:39] [1] 2
INFO [2026-01-20 00:39:39] 
INFO [2026-01-20 00:39:39] $lty
INFO [2026-01-20 00:39:39] [1] "solid"
INFO [2026-01-20 00:39:39] 
INFO [2026-01-20 00:39:39] $cex
INFO [2026-01-20 00:39:39] [1] 2.3
INFO [2026-01-20 00:39:39] 
INFO [2026-01-20 00:39:39] $fontface
INFO [2026-01-20 00:39:39] [1] "bold"
INFO [2026-01-20 00:39:39] 
INFO [2026-01-20 00:39:39] $fontfamily
INFO [2026-01-20 00:39:39] [1] "Times"
INFO [2026-01-20 00:39:39] 
INFO [2026-01-20 00:39:39] $cat.cex
INFO [2026-01-20 00:39:39] [1] 3
INFO [2026-01-20 00:39:39] 
INFO [2026-01-20 00:39:39] $cat.fontface
INFO [2026-01-20 00:39:39] [1] "bold"
INFO [2026-01-20 00:39:39] 
INFO [2026-01-20 00:39:39] $cat.fontfamily
INFO [2026-01-20 00:39:39] [1] "Times"
INFO [2026-01-20 00:39:39] 
INFO [2026-01-20 00:39:39] $cat.pos
INFO [2026-01-20 00:39:39] c(-30, 30, -180)
INFO [2026-01-20 00:39:39] 
INFO [2026-01-20 00:39:39] $cat.dist
INFO [2026-01-20 00:39:39] c(0.08, 0.08, 0.07)
INFO [2026-01-20 00:39:39] 
INFO [2026-01-20 00:39:39] $main
INFO [2026-01-20 00:39:39] NULL
INFO [2026-01-20 00:39:39] 
INFO [2026-01-20 00:39:39] $sub
INFO [2026-01-20 00:39:39] NULL
INFO [2026-01-20 00:39:39] 
INFO [2026-01-20 00:39:39] $scaled
INFO [2026-01-20 00:39:39] [1] TRUE
INFO [2026-01-20 00:39:39] 
INFO [2026-01-20 00:39:39] $euler.d
INFO [2026-01-20 00:39:39] [1] TRUE
INFO [2026-01-20 00:39:39] 
INFO [2026-01-20 00:39:39] $rotation.degree
INFO [2026-01-20 00:39:39] [1] 0
INFO [2026-01-20 00:39:39] 
