INFO [2026-01-18 20:20:41] $x
INFO [2026-01-18 20:20:41] list(BS = BS_viruses, SA = SA_viruses, IA = IA_viruses, DA = DA_viruses)
INFO [2026-01-18 20:20:41] 
INFO [2026-01-18 20:20:41] $category.names
INFO [2026-01-18 20:20:41] c("BS", "SA", "IA", "DA")
INFO [2026-01-18 20:20:41] 
INFO [2026-01-18 20:20:41] $filename
INFO [2026-01-18 20:20:41] NULL
INFO [2026-01-18 20:20:41] 
INFO [2026-01-18 20:20:41] $fill
INFO [2026-01-18 20:20:41] venn_colors
INFO [2026-01-18 20:20:41] 
INFO [2026-01-18 20:20:41] $alpha
INFO [2026-01-18 20:20:41] [1] 0.5
INFO [2026-01-18 20:20:41] 
INFO [2026-01-18 20:20:41] $cex
INFO [2026-01-18 20:20:41] [1] 2
INFO [2026-01-18 20:20:41] 
INFO [2026-01-18 20:20:41] $fontface
INFO [2026-01-18 20:20:41] [1] "bold"
INFO [2026-01-18 20:20:41] 
INFO [2026-01-18 20:20:41] $fontfamily
INFO [2026-01-18 20:20:41] [1] "Times"
INFO [2026-01-18 20:20:41] 
INFO [2026-01-18 20:20:41] $cat.cex
INFO [2026-01-18 20:20:41] [1] 3
INFO [2026-01-18 20:20:41] 
INFO [2026-01-18 20:20:41] $cat.fontface
INFO [2026-01-18 20:20:41] [1] "bold"
INFO [2026-01-18 20:20:41] 
INFO [2026-01-18 20:20:41] $cat.fontfamily
INFO [2026-01-18 20:20:41] [1] "Times"
INFO [2026-01-18 20:20:41] 
INFO [2026-01-18 20:20:41] $cat.dist
INFO [2026-01-18 20:20:41] c(0.2, 0.2, 0.1, 0.085)
INFO [2026-01-18 20:20:41] 
INFO [2026-01-18 20:20:41] $lwd
INFO [2026-01-18 20:20:41] [1] 2
INFO [2026-01-18 20:20:41] 
INFO [2026-01-18 20:20:41] $lty
INFO [2026-01-18 20:20:41] [1] "solid"
INFO [2026-01-18 20:20:41] 
INFO [2026-01-18 20:20:41] $col
INFO [2026-01-18 20:20:41] [1] "black"
INFO [2026-01-18 20:20:41] 
INFO [2026-01-18 20:20:41] $scaled
INFO [2026-01-18 20:20:41] [1] TRUE
INFO [2026-01-18 20:20:41] 
INFO [2026-01-18 20:20:41] $euler.d
INFO [2026-01-18 20:20:41] [1] TRUE
INFO [2026-01-18 20:20:41] 
INFO [2026-01-18 20:20:41] $sep.dist
INFO [2026-01-18 20:20:41] [1] 0.05
INFO [2026-01-18 20:20:41] 
INFO [2026-01-18 20:20:41] $rotation.degree
INFO [2026-01-18 20:20:41] [1] 0
INFO [2026-01-18 20:20:41] 
