INFO [2026-01-20 00:43:49] $x
INFO [2026-01-20 00:43:49] list(SA = SA_viruses, IA = IA_viruses, DA = DA_viruses)
INFO [2026-01-20 00:43:49] 
INFO [2026-01-20 00:43:49] $category.names
INFO [2026-01-20 00:43:49] c("SA", "IA", "DA")
INFO [2026-01-20 00:43:49] 
INFO [2026-01-20 00:43:49] $filename
INFO [2026-01-20 00:43:49] NULL
INFO [2026-01-20 00:43:49] 
INFO [2026-01-20 00:43:49] $fill
INFO [2026-01-20 00:43:49] venn_colors
INFO [2026-01-20 00:43:49] 
INFO [2026-01-20 00:43:49] $alpha
INFO [2026-01-20 00:43:49] [1] 0.5
INFO [2026-01-20 00:43:49] 
INFO [2026-01-20 00:43:49] $col
INFO [2026-01-20 00:43:49] [1] "black"
INFO [2026-01-20 00:43:49] 
INFO [2026-01-20 00:43:49] $lwd
INFO [2026-01-20 00:43:49] [1] 2
INFO [2026-01-20 00:43:49] 
INFO [2026-01-20 00:43:49] $lty
INFO [2026-01-20 00:43:49] [1] "solid"
INFO [2026-01-20 00:43:49] 
INFO [2026-01-20 00:43:49] $cex
INFO [2026-01-20 00:43:49] [1] 2
INFO [2026-01-20 00:43:49] 
INFO [2026-01-20 00:43:49] $fontface
INFO [2026-01-20 00:43:49] [1] "bold"
INFO [2026-01-20 00:43:49] 
INFO [2026-01-20 00:43:49] $fontfamily
INFO [2026-01-20 00:43:49] [1] "Times"
INFO [2026-01-20 00:43:49] 
INFO [2026-01-20 00:43:49] $cat.cex
INFO [2026-01-20 00:43:49] [1] 3
INFO [2026-01-20 00:43:49] 
INFO [2026-01-20 00:43:49] $cat.fontface
INFO [2026-01-20 00:43:49] [1] "bold"
INFO [2026-01-20 00:43:49] 
INFO [2026-01-20 00:43:49] $cat.fontfamily
INFO [2026-01-20 00:43:49] [1] "Times"
INFO [2026-01-20 00:43:49] 
INFO [2026-01-20 00:43:49] $cat.pos
INFO [2026-01-20 00:43:49] c(-30, 30, -180)
INFO [2026-01-20 00:43:49] 
INFO [2026-01-20 00:43:49] $cat.dist
INFO [2026-01-20 00:43:49] c(0.08, 0.08, 0.07)
INFO [2026-01-20 00:43:49] 
INFO [2026-01-20 00:43:49] $main
INFO [2026-01-20 00:43:49] NULL
INFO [2026-01-20 00:43:49] 
INFO [2026-01-20 00:43:49] $sub
INFO [2026-01-20 00:43:49] NULL
INFO [2026-01-20 00:43:49] 
INFO [2026-01-20 00:43:49] $scaled
INFO [2026-01-20 00:43:49] [1] TRUE
INFO [2026-01-20 00:43:49] 
INFO [2026-01-20 00:43:49] $euler.d
INFO [2026-01-20 00:43:49] [1] TRUE
INFO [2026-01-20 00:43:49] 
INFO [2026-01-20 00:43:49] $rotation.degree
INFO [2026-01-20 00:43:49] [1] 0
INFO [2026-01-20 00:43:49] 
