INFO [2026-01-18 20:19:53] $x
INFO [2026-01-18 20:19:53] list(BS = BS_viruses, SA = SA_viruses, IA = IA_viruses, DA = DA_viruses)
INFO [2026-01-18 20:19:53] 
INFO [2026-01-18 20:19:53] $category.names
INFO [2026-01-18 20:19:53] c("BS", "SA", "IA", "DA")
INFO [2026-01-18 20:19:53] 
INFO [2026-01-18 20:19:53] $filename
INFO [2026-01-18 20:19:53] NULL
INFO [2026-01-18 20:19:53] 
INFO [2026-01-18 20:19:53] $fill
INFO [2026-01-18 20:19:53] venn_colors
INFO [2026-01-18 20:19:53] 
INFO [2026-01-18 20:19:53] $alpha
INFO [2026-01-18 20:19:53] [1] 0.5
INFO [2026-01-18 20:19:53] 
INFO [2026-01-18 20:19:53] $cex
INFO [2026-01-18 20:19:53] [1] 2
INFO [2026-01-18 20:19:53] 
INFO [2026-01-18 20:19:53] $fontface
INFO [2026-01-18 20:19:53] [1] "bold"
INFO [2026-01-18 20:19:53] 
INFO [2026-01-18 20:19:53] $fontfamily
INFO [2026-01-18 20:19:53] [1] "Times"
INFO [2026-01-18 20:19:53] 
INFO [2026-01-18 20:19:53] $cat.cex
INFO [2026-01-18 20:19:53] [1] 3
INFO [2026-01-18 20:19:53] 
INFO [2026-01-18 20:19:53] $cat.fontface
INFO [2026-01-18 20:19:53] [1] "bold"
INFO [2026-01-18 20:19:53] 
INFO [2026-01-18 20:19:53] $cat.fontfamily
INFO [2026-01-18 20:19:53] [1] "Times"
INFO [2026-01-18 20:19:53] 
INFO [2026-01-18 20:19:53] $cat.dist
INFO [2026-01-18 20:19:53] c(0.2, 0.2, 0.1, 0.085)
INFO [2026-01-18 20:19:53] 
INFO [2026-01-18 20:19:53] $lwd
INFO [2026-01-18 20:19:53] [1] 2
INFO [2026-01-18 20:19:53] 
INFO [2026-01-18 20:19:53] $lty
INFO [2026-01-18 20:19:53] [1] "solid"
INFO [2026-01-18 20:19:53] 
INFO [2026-01-18 20:19:53] $col
INFO [2026-01-18 20:19:53] [1] "black"
INFO [2026-01-18 20:19:53] 
INFO [2026-01-18 20:19:53] $scaled
INFO [2026-01-18 20:19:53] [1] TRUE
INFO [2026-01-18 20:19:53] 
INFO [2026-01-18 20:19:53] $euler.d
INFO [2026-01-18 20:19:53] [1] TRUE
INFO [2026-01-18 20:19:53] 
INFO [2026-01-18 20:19:53] $sep.dist
INFO [2026-01-18 20:19:53] [1] 0.05
INFO [2026-01-18 20:19:53] 
INFO [2026-01-18 20:19:53] $rotation.degree
INFO [2026-01-18 20:19:53] [1] 0
INFO [2026-01-18 20:19:53] 
