INFO [2026-01-18 23:56:43] $x
INFO [2026-01-18 23:56:43] list(BS = BS_rare, SA = SA_rare, IA = IA_rare, DA = DA_rare)
INFO [2026-01-18 23:56:43] 
INFO [2026-01-18 23:56:43] $filename
INFO [2026-01-18 23:56:43] NULL
INFO [2026-01-18 23:56:43] 
INFO [2026-01-18 23:56:43] $fill
INFO [2026-01-18 23:56:43] brewer.pal(4, "Set2")
INFO [2026-01-18 23:56:43] 
INFO [2026-01-18 23:56:43] $alpha
INFO [2026-01-18 23:56:43] [1] 0.5
INFO [2026-01-18 23:56:43] 
INFO [2026-01-18 23:56:43] $cex
INFO [2026-01-18 23:56:43] [1] 2
INFO [2026-01-18 23:56:43] 
INFO [2026-01-18 23:56:43] $fontface
INFO [2026-01-18 23:56:43] [1] "bold"
INFO [2026-01-18 23:56:43] 
INFO [2026-01-18 23:56:43] $fontfamily
INFO [2026-01-18 23:56:43] [1] "Times"
INFO [2026-01-18 23:56:43] 
INFO [2026-01-18 23:56:43] $cat.cex
INFO [2026-01-18 23:56:43] [1] 2
INFO [2026-01-18 23:56:43] 
INFO [2026-01-18 23:56:43] $cat.fontface
INFO [2026-01-18 23:56:43] [1] "bold"
INFO [2026-01-18 23:56:43] 
INFO [2026-01-18 23:56:43] $cat.fontfamily
INFO [2026-01-18 23:56:43] [1] "Times"
INFO [2026-01-18 23:56:43] 
INFO [2026-01-18 23:56:43] $cat.pos
INFO [2026-01-18 23:56:43] c(-20, 20, -20, 20)
INFO [2026-01-18 23:56:43] 
INFO [2026-01-18 23:56:43] $cat.dist
INFO [2026-01-18 23:56:43] c(0.21, 0.21, 0.11, 0.095)
INFO [2026-01-18 23:56:43] 
INFO [2026-01-18 23:56:43] $col
INFO [2026-01-18 23:56:43] [1] "black"
INFO [2026-01-18 23:56:43] 
INFO [2026-01-18 23:56:43] $lwd
INFO [2026-01-18 23:56:43] [1] 2
INFO [2026-01-18 23:56:43] 
INFO [2026-01-18 23:56:43] $lty
INFO [2026-01-18 23:56:43] [1] "solid"
INFO [2026-01-18 23:56:43] 
INFO [2026-01-18 23:56:43] $scaled
INFO [2026-01-18 23:56:43] [1] TRUE
INFO [2026-01-18 23:56:43] 
INFO [2026-01-18 23:56:43] $euler.d
INFO [2026-01-18 23:56:43] [1] TRUE
INFO [2026-01-18 23:56:43] 
INFO [2026-01-18 23:56:43] $sep.dist
INFO [2026-01-18 23:56:43] [1] 0.05
INFO [2026-01-18 23:56:43] 
INFO [2026-01-18 23:56:43] $rotation.degree
INFO [2026-01-18 23:56:43] [1] 0
INFO [2026-01-18 23:56:43] 
INFO [2026-01-18 23:56:43] $imagetype
INFO [2026-01-18 23:56:43] [1] "png"
INFO [2026-01-18 23:56:43] 
INFO [2026-01-18 23:56:43] $height
INFO [2026-01-18 23:56:43] [1] 2000
INFO [2026-01-18 23:56:43] 
INFO [2026-01-18 23:56:43] $width
INFO [2026-01-18 23:56:43] [1] 2000
INFO [2026-01-18 23:56:43] 
INFO [2026-01-18 23:56:43] $resolution
INFO [2026-01-18 23:56:43] [1] 300
INFO [2026-01-18 23:56:43] 
INFO [2026-01-18 23:56:43] $main
INFO [2026-01-18 23:56:43] NULL
INFO [2026-01-18 23:56:43] 
