INFO [2026-01-20 11:15:11] $x
INFO [2026-01-20 11:15:11] list(BS = BS_viruses, SA = SA_viruses, IA = IA_viruses, DA = DA_viruses)
INFO [2026-01-20 11:15:11] 
INFO [2026-01-20 11:15:11] $category.names
INFO [2026-01-20 11:15:11] c("BS", "SA", "IA", "DA")
INFO [2026-01-20 11:15:11] 
INFO [2026-01-20 11:15:11] $filename
INFO [2026-01-20 11:15:11] NULL
INFO [2026-01-20 11:15:11] 
INFO [2026-01-20 11:15:11] $fill
INFO [2026-01-20 11:15:11] venn_colors
INFO [2026-01-20 11:15:11] 
INFO [2026-01-20 11:15:11] $alpha
INFO [2026-01-20 11:15:11] [1] 0.5
INFO [2026-01-20 11:15:11] 
INFO [2026-01-20 11:15:11] $cex
INFO [2026-01-20 11:15:11] [1] 2
INFO [2026-01-20 11:15:11] 
INFO [2026-01-20 11:15:11] $fontface
INFO [2026-01-20 11:15:11] [1] "bold"
INFO [2026-01-20 11:15:11] 
INFO [2026-01-20 11:15:11] $fontfamily
INFO [2026-01-20 11:15:11] [1] "Times"
INFO [2026-01-20 11:15:11] 
INFO [2026-01-20 11:15:11] $cat.cex
INFO [2026-01-20 11:15:11] [1] 3
INFO [2026-01-20 11:15:11] 
INFO [2026-01-20 11:15:11] $cat.fontface
INFO [2026-01-20 11:15:11] [1] "bold"
INFO [2026-01-20 11:15:11] 
INFO [2026-01-20 11:15:11] $cat.fontfamily
INFO [2026-01-20 11:15:11] [1] "Times"
INFO [2026-01-20 11:15:11] 
INFO [2026-01-20 11:15:11] $cat.dist
INFO [2026-01-20 11:15:11] c(0.2, 0.2, 0.1, 0.085)
INFO [2026-01-20 11:15:11] 
INFO [2026-01-20 11:15:11] $lwd
INFO [2026-01-20 11:15:11] [1] 2
INFO [2026-01-20 11:15:11] 
INFO [2026-01-20 11:15:11] $lty
INFO [2026-01-20 11:15:11] [1] "solid"
INFO [2026-01-20 11:15:11] 
INFO [2026-01-20 11:15:11] $col
INFO [2026-01-20 11:15:11] [1] "black"
INFO [2026-01-20 11:15:11] 
INFO [2026-01-20 11:15:11] $scaled
INFO [2026-01-20 11:15:11] [1] TRUE
INFO [2026-01-20 11:15:11] 
INFO [2026-01-20 11:15:11] $euler.d
INFO [2026-01-20 11:15:11] [1] TRUE
INFO [2026-01-20 11:15:11] 
INFO [2026-01-20 11:15:11] $sep.dist
INFO [2026-01-20 11:15:11] [1] 0.05
INFO [2026-01-20 11:15:11] 
INFO [2026-01-20 11:15:11] $rotation.degree
INFO [2026-01-20 11:15:11] [1] 0
INFO [2026-01-20 11:15:11] 
