INFO [2026-01-18 22:58:22] $x
INFO [2026-01-18 22:58:22] list(BS = BS_abundant, SA = SA_abundant, IA = IA_abundant, DA = DA_abundant)
INFO [2026-01-18 22:58:22] 
INFO [2026-01-18 22:58:22] $filename
INFO [2026-01-18 22:58:22] NULL
INFO [2026-01-18 22:58:22] 
INFO [2026-01-18 22:58:22] $fill
INFO [2026-01-18 22:58:22] brewer.pal(4, "Set2")
INFO [2026-01-18 22:58:22] 
INFO [2026-01-18 22:58:22] $alpha
INFO [2026-01-18 22:58:22] [1] 0.5
INFO [2026-01-18 22:58:22] 
INFO [2026-01-18 22:58:22] $cex
INFO [2026-01-18 22:58:22] [1] 1.4
INFO [2026-01-18 22:58:22] 
INFO [2026-01-18 22:58:22] $fontface
INFO [2026-01-18 22:58:22] [1] "bold"
INFO [2026-01-18 22:58:22] 
INFO [2026-01-18 22:58:22] $fontfamily
INFO [2026-01-18 22:58:22] [1] "Times"
INFO [2026-01-18 22:58:22] 
INFO [2026-01-18 22:58:22] $cat.cex
INFO [2026-01-18 22:58:22] [1] 1.8
INFO [2026-01-18 22:58:22] 
INFO [2026-01-18 22:58:22] $cat.fontface
INFO [2026-01-18 22:58:22] [1] "bold"
INFO [2026-01-18 22:58:22] 
INFO [2026-01-18 22:58:22] $cat.fontfamily
INFO [2026-01-18 22:58:22] [1] "Times"
INFO [2026-01-18 22:58:22] 
INFO [2026-01-18 22:58:22] $cat.pos
INFO [2026-01-18 22:58:22] c(-20, 20, -20, 20)
INFO [2026-01-18 22:58:22] 
INFO [2026-01-18 22:58:22] $cat.dist
INFO [2026-01-18 22:58:22] c(0.21, 0.21, 0.11, 0.095)
INFO [2026-01-18 22:58:22] 
INFO [2026-01-18 22:58:22] $col
INFO [2026-01-18 22:58:22] [1] "black"
INFO [2026-01-18 22:58:22] 
INFO [2026-01-18 22:58:22] $lwd
INFO [2026-01-18 22:58:22] [1] 2
INFO [2026-01-18 22:58:22] 
INFO [2026-01-18 22:58:22] $lty
INFO [2026-01-18 22:58:22] [1] "solid"
INFO [2026-01-18 22:58:22] 
INFO [2026-01-18 22:58:22] $scaled
INFO [2026-01-18 22:58:22] [1] TRUE
INFO [2026-01-18 22:58:22] 
INFO [2026-01-18 22:58:22] $euler.d
INFO [2026-01-18 22:58:22] [1] TRUE
INFO [2026-01-18 22:58:22] 
INFO [2026-01-18 22:58:22] $imagetype
INFO [2026-01-18 22:58:22] [1] "png"
INFO [2026-01-18 22:58:22] 
INFO [2026-01-18 22:58:22] $height
INFO [2026-01-18 22:58:22] [1] 2000
INFO [2026-01-18 22:58:22] 
INFO [2026-01-18 22:58:22] $width
INFO [2026-01-18 22:58:22] [1] 2000
INFO [2026-01-18 22:58:22] 
INFO [2026-01-18 22:58:22] $resolution
INFO [2026-01-18 22:58:22] [1] 300
INFO [2026-01-18 22:58:22] 
