INFO [2026-01-20 11:26:31] $x
INFO [2026-01-20 11:26:31] list(BS = BS_viruses, SA = SA_viruses, IA = IA_viruses, DA = DA_viruses)
INFO [2026-01-20 11:26:31] 
INFO [2026-01-20 11:26:31] $category.names
INFO [2026-01-20 11:26:31] c("BS", "SA", "IA", "DA")
INFO [2026-01-20 11:26:31] 
INFO [2026-01-20 11:26:31] $filename
INFO [2026-01-20 11:26:31] NULL
INFO [2026-01-20 11:26:31] 
INFO [2026-01-20 11:26:31] $fill
INFO [2026-01-20 11:26:31] venn_colors
INFO [2026-01-20 11:26:31] 
INFO [2026-01-20 11:26:31] $alpha
INFO [2026-01-20 11:26:31] [1] 0.5
INFO [2026-01-20 11:26:31] 
INFO [2026-01-20 11:26:31] $cex
INFO [2026-01-20 11:26:31] [1] 2
INFO [2026-01-20 11:26:31] 
INFO [2026-01-20 11:26:31] $fontface
INFO [2026-01-20 11:26:31] [1] "bold"
INFO [2026-01-20 11:26:31] 
INFO [2026-01-20 11:26:31] $fontfamily
INFO [2026-01-20 11:26:31] [1] "Times"
INFO [2026-01-20 11:26:31] 
INFO [2026-01-20 11:26:31] $cat.cex
INFO [2026-01-20 11:26:31] [1] 3
INFO [2026-01-20 11:26:31] 
INFO [2026-01-20 11:26:31] $cat.fontface
INFO [2026-01-20 11:26:31] [1] "bold"
INFO [2026-01-20 11:26:31] 
INFO [2026-01-20 11:26:31] $cat.fontfamily
INFO [2026-01-20 11:26:31] [1] "Times"
INFO [2026-01-20 11:26:31] 
INFO [2026-01-20 11:26:31] $cat.dist
INFO [2026-01-20 11:26:31] c(0.2, 0.2, 0.1, 0.085)
INFO [2026-01-20 11:26:31] 
INFO [2026-01-20 11:26:31] $lwd
INFO [2026-01-20 11:26:31] [1] 2
INFO [2026-01-20 11:26:31] 
INFO [2026-01-20 11:26:31] $lty
INFO [2026-01-20 11:26:31] [1] "solid"
INFO [2026-01-20 11:26:31] 
INFO [2026-01-20 11:26:31] $col
INFO [2026-01-20 11:26:31] [1] "black"
INFO [2026-01-20 11:26:31] 
INFO [2026-01-20 11:26:31] $scaled
INFO [2026-01-20 11:26:31] [1] TRUE
INFO [2026-01-20 11:26:31] 
INFO [2026-01-20 11:26:31] $euler.d
INFO [2026-01-20 11:26:31] [1] TRUE
INFO [2026-01-20 11:26:31] 
INFO [2026-01-20 11:26:31] $sep.dist
INFO [2026-01-20 11:26:31] [1] 0.05
INFO [2026-01-20 11:26:31] 
INFO [2026-01-20 11:26:31] $rotation.degree
INFO [2026-01-20 11:26:31] [1] 0
INFO [2026-01-20 11:26:31] 
