INFO [2026-01-20 00:35:29] $x
INFO [2026-01-20 00:35:29] list(SA = SA_viruses, IA = IA_viruses, DA = DA_viruses)
INFO [2026-01-20 00:35:29] 
INFO [2026-01-20 00:35:29] $category.names
INFO [2026-01-20 00:35:29] c("SA", "IA", "DA")
INFO [2026-01-20 00:35:29] 
INFO [2026-01-20 00:35:29] $filename
INFO [2026-01-20 00:35:29] NULL
INFO [2026-01-20 00:35:29] 
INFO [2026-01-20 00:35:29] $fill
INFO [2026-01-20 00:35:29] venn_colors
INFO [2026-01-20 00:35:29] 
INFO [2026-01-20 00:35:29] $alpha
INFO [2026-01-20 00:35:29] [1] 0.5
INFO [2026-01-20 00:35:29] 
INFO [2026-01-20 00:35:29] $col
INFO [2026-01-20 00:35:29] [1] "black"
INFO [2026-01-20 00:35:29] 
INFO [2026-01-20 00:35:29] $lwd
INFO [2026-01-20 00:35:29] [1] 2
INFO [2026-01-20 00:35:29] 
INFO [2026-01-20 00:35:29] $lty
INFO [2026-01-20 00:35:29] [1] "solid"
INFO [2026-01-20 00:35:29] 
INFO [2026-01-20 00:35:29] $cex
INFO [2026-01-20 00:35:29] [1] 3
INFO [2026-01-20 00:35:29] 
INFO [2026-01-20 00:35:29] $fontface
INFO [2026-01-20 00:35:29] [1] "bold"
INFO [2026-01-20 00:35:29] 
INFO [2026-01-20 00:35:29] $fontfamily
INFO [2026-01-20 00:35:29] [1] "Times"
INFO [2026-01-20 00:35:29] 
INFO [2026-01-20 00:35:29] $cat.cex
INFO [2026-01-20 00:35:29] [1] 3
INFO [2026-01-20 00:35:29] 
INFO [2026-01-20 00:35:29] $cat.fontface
INFO [2026-01-20 00:35:29] [1] "bold"
INFO [2026-01-20 00:35:29] 
INFO [2026-01-20 00:35:29] $cat.fontfamily
INFO [2026-01-20 00:35:29] [1] "Times"
INFO [2026-01-20 00:35:29] 
INFO [2026-01-20 00:35:29] $cat.pos
INFO [2026-01-20 00:35:29] c(-30, 30, -180)
INFO [2026-01-20 00:35:29] 
INFO [2026-01-20 00:35:29] $cat.dist
INFO [2026-01-20 00:35:29] c(0.08, 0.08, 0.07)
INFO [2026-01-20 00:35:29] 
INFO [2026-01-20 00:35:29] $main
INFO [2026-01-20 00:35:29] NULL
INFO [2026-01-20 00:35:29] 
INFO [2026-01-20 00:35:29] $sub
INFO [2026-01-20 00:35:29] NULL
INFO [2026-01-20 00:35:29] 
INFO [2026-01-20 00:35:29] $scaled
INFO [2026-01-20 00:35:29] [1] TRUE
INFO [2026-01-20 00:35:29] 
INFO [2026-01-20 00:35:29] $euler.d
INFO [2026-01-20 00:35:29] [1] TRUE
INFO [2026-01-20 00:35:29] 
INFO [2026-01-20 00:35:29] $rotation.degree
INFO [2026-01-20 00:35:29] [1] 0
INFO [2026-01-20 00:35:29] 
