INFO [2026-01-20 00:36:17] $x
INFO [2026-01-20 00:36:17] list(SA = SA_viruses, IA = IA_viruses, DA = DA_viruses)
INFO [2026-01-20 00:36:17] 
INFO [2026-01-20 00:36:17] $category.names
INFO [2026-01-20 00:36:17] c("SA", "IA", "DA")
INFO [2026-01-20 00:36:17] 
INFO [2026-01-20 00:36:17] $filename
INFO [2026-01-20 00:36:17] NULL
INFO [2026-01-20 00:36:17] 
INFO [2026-01-20 00:36:17] $fill
INFO [2026-01-20 00:36:17] venn_colors
INFO [2026-01-20 00:36:17] 
INFO [2026-01-20 00:36:17] $alpha
INFO [2026-01-20 00:36:17] [1] 0.5
INFO [2026-01-20 00:36:17] 
INFO [2026-01-20 00:36:17] $col
INFO [2026-01-20 00:36:17] [1] "black"
INFO [2026-01-20 00:36:17] 
INFO [2026-01-20 00:36:17] $lwd
INFO [2026-01-20 00:36:17] [1] 2
INFO [2026-01-20 00:36:17] 
INFO [2026-01-20 00:36:17] $lty
INFO [2026-01-20 00:36:17] [1] "solid"
INFO [2026-01-20 00:36:17] 
INFO [2026-01-20 00:36:17] $cex
INFO [2026-01-20 00:36:17] [1] 2.4
INFO [2026-01-20 00:36:17] 
INFO [2026-01-20 00:36:17] $fontface
INFO [2026-01-20 00:36:17] [1] "bold"
INFO [2026-01-20 00:36:17] 
INFO [2026-01-20 00:36:17] $fontfamily
INFO [2026-01-20 00:36:17] [1] "Times"
INFO [2026-01-20 00:36:17] 
INFO [2026-01-20 00:36:17] $cat.cex
INFO [2026-01-20 00:36:17] [1] 3
INFO [2026-01-20 00:36:17] 
INFO [2026-01-20 00:36:17] $cat.fontface
INFO [2026-01-20 00:36:17] [1] "bold"
INFO [2026-01-20 00:36:17] 
INFO [2026-01-20 00:36:17] $cat.fontfamily
INFO [2026-01-20 00:36:17] [1] "Times"
INFO [2026-01-20 00:36:17] 
INFO [2026-01-20 00:36:17] $cat.pos
INFO [2026-01-20 00:36:17] c(-30, 30, -180)
INFO [2026-01-20 00:36:17] 
INFO [2026-01-20 00:36:17] $cat.dist
INFO [2026-01-20 00:36:17] c(0.08, 0.08, 0.07)
INFO [2026-01-20 00:36:17] 
INFO [2026-01-20 00:36:17] $main
INFO [2026-01-20 00:36:17] NULL
INFO [2026-01-20 00:36:17] 
INFO [2026-01-20 00:36:17] $sub
INFO [2026-01-20 00:36:17] NULL
INFO [2026-01-20 00:36:17] 
INFO [2026-01-20 00:36:17] $scaled
INFO [2026-01-20 00:36:17] [1] TRUE
INFO [2026-01-20 00:36:17] 
INFO [2026-01-20 00:36:17] $euler.d
INFO [2026-01-20 00:36:17] [1] TRUE
INFO [2026-01-20 00:36:17] 
INFO [2026-01-20 00:36:17] $rotation.degree
INFO [2026-01-20 00:36:17] [1] 0
INFO [2026-01-20 00:36:17] 
