INFO [2026-01-20 01:51:32] $x
INFO [2026-01-20 01:51:32] list(BS = BS_viruses, SA = SA_viruses, IA = IA_viruses, DA = DA_viruses)
INFO [2026-01-20 01:51:32] 
INFO [2026-01-20 01:51:32] $category.names
INFO [2026-01-20 01:51:32] c("BS", "SA", "IA", "DA")
INFO [2026-01-20 01:51:32] 
INFO [2026-01-20 01:51:32] $filename
INFO [2026-01-20 01:51:32] NULL
INFO [2026-01-20 01:51:32] 
INFO [2026-01-20 01:51:32] $fill
INFO [2026-01-20 01:51:32] venn_colors
INFO [2026-01-20 01:51:32] 
INFO [2026-01-20 01:51:32] $alpha
INFO [2026-01-20 01:51:32] [1] 0.5
INFO [2026-01-20 01:51:32] 
INFO [2026-01-20 01:51:32] $cex
INFO [2026-01-20 01:51:32] [1] 2
INFO [2026-01-20 01:51:32] 
INFO [2026-01-20 01:51:32] $fontface
INFO [2026-01-20 01:51:32] [1] "bold"
INFO [2026-01-20 01:51:32] 
INFO [2026-01-20 01:51:32] $fontfamily
INFO [2026-01-20 01:51:32] [1] "Times"
INFO [2026-01-20 01:51:32] 
INFO [2026-01-20 01:51:32] $cat.cex
INFO [2026-01-20 01:51:32] [1] 3
INFO [2026-01-20 01:51:32] 
INFO [2026-01-20 01:51:32] $cat.fontface
INFO [2026-01-20 01:51:32] [1] "bold"
INFO [2026-01-20 01:51:32] 
INFO [2026-01-20 01:51:32] $cat.fontfamily
INFO [2026-01-20 01:51:32] [1] "Times"
INFO [2026-01-20 01:51:32] 
INFO [2026-01-20 01:51:32] $cat.dist
INFO [2026-01-20 01:51:32] c(0.2, 0.2, 0.1, 0.085)
INFO [2026-01-20 01:51:32] 
INFO [2026-01-20 01:51:32] $lwd
INFO [2026-01-20 01:51:32] [1] 2
INFO [2026-01-20 01:51:32] 
INFO [2026-01-20 01:51:32] $lty
INFO [2026-01-20 01:51:32] [1] "solid"
INFO [2026-01-20 01:51:32] 
INFO [2026-01-20 01:51:32] $col
INFO [2026-01-20 01:51:32] [1] "black"
INFO [2026-01-20 01:51:32] 
INFO [2026-01-20 01:51:32] $scaled
INFO [2026-01-20 01:51:32] [1] TRUE
INFO [2026-01-20 01:51:32] 
INFO [2026-01-20 01:51:32] $euler.d
INFO [2026-01-20 01:51:32] [1] TRUE
INFO [2026-01-20 01:51:32] 
INFO [2026-01-20 01:51:32] $sep.dist
INFO [2026-01-20 01:51:32] [1] 0.05
INFO [2026-01-20 01:51:32] 
INFO [2026-01-20 01:51:32] $rotation.degree
INFO [2026-01-20 01:51:32] [1] 0
INFO [2026-01-20 01:51:32] 
