INFO [2026-01-18 23:07:54] $x
INFO [2026-01-18 23:07:54] list(BS = BS_abundant, SA = SA_abundant, IA = IA_abundant, DA = DA_abundant)
INFO [2026-01-18 23:07:54] 
INFO [2026-01-18 23:07:54] $filename
INFO [2026-01-18 23:07:54] NULL
INFO [2026-01-18 23:07:54] 
INFO [2026-01-18 23:07:54] $fill
INFO [2026-01-18 23:07:54] brewer.pal(4, "Set2")
INFO [2026-01-18 23:07:54] 
INFO [2026-01-18 23:07:54] $alpha
INFO [2026-01-18 23:07:54] [1] 0.5
INFO [2026-01-18 23:07:54] 
INFO [2026-01-18 23:07:54] $cex
INFO [2026-01-18 23:07:54] [1] 1.4
INFO [2026-01-18 23:07:54] 
INFO [2026-01-18 23:07:54] $fontface
INFO [2026-01-18 23:07:54] [1] "bold"
INFO [2026-01-18 23:07:54] 
INFO [2026-01-18 23:07:54] $fontfamily
INFO [2026-01-18 23:07:54] [1] "Times"
INFO [2026-01-18 23:07:54] 
INFO [2026-01-18 23:07:54] $cat.cex
INFO [2026-01-18 23:07:54] [1] 1.8
INFO [2026-01-18 23:07:54] 
INFO [2026-01-18 23:07:54] $cat.fontface
INFO [2026-01-18 23:07:54] [1] "bold"
INFO [2026-01-18 23:07:54] 
INFO [2026-01-18 23:07:54] $cat.fontfamily
INFO [2026-01-18 23:07:54] [1] "Times"
INFO [2026-01-18 23:07:54] 
INFO [2026-01-18 23:07:54] $cat.pos
INFO [2026-01-18 23:07:54] c(-20, 20, -20, 20)
INFO [2026-01-18 23:07:54] 
INFO [2026-01-18 23:07:54] $cat.dist
INFO [2026-01-18 23:07:54] c(0.21, 0.21, 0.11, 0.095)
INFO [2026-01-18 23:07:54] 
INFO [2026-01-18 23:07:54] $col
INFO [2026-01-18 23:07:54] [1] "black"
INFO [2026-01-18 23:07:54] 
INFO [2026-01-18 23:07:54] $lwd
INFO [2026-01-18 23:07:54] [1] 2
INFO [2026-01-18 23:07:54] 
INFO [2026-01-18 23:07:54] $lty
INFO [2026-01-18 23:07:54] [1] "solid"
INFO [2026-01-18 23:07:54] 
INFO [2026-01-18 23:07:54] $scaled
INFO [2026-01-18 23:07:54] [1] TRUE
INFO [2026-01-18 23:07:54] 
INFO [2026-01-18 23:07:54] $euler.d
INFO [2026-01-18 23:07:54] [1] TRUE
INFO [2026-01-18 23:07:54] 
INFO [2026-01-18 23:07:54] $sep.dist
INFO [2026-01-18 23:07:54] [1] 0.05
INFO [2026-01-18 23:07:54] 
INFO [2026-01-18 23:07:54] $rotation.degree
INFO [2026-01-18 23:07:54] [1] 0
INFO [2026-01-18 23:07:54] 
INFO [2026-01-18 23:07:54] $imagetype
INFO [2026-01-18 23:07:54] [1] "png"
INFO [2026-01-18 23:07:54] 
INFO [2026-01-18 23:07:54] $height
INFO [2026-01-18 23:07:54] [1] 2000
INFO [2026-01-18 23:07:54] 
INFO [2026-01-18 23:07:54] $width
INFO [2026-01-18 23:07:54] [1] 2000
INFO [2026-01-18 23:07:54] 
INFO [2026-01-18 23:07:54] $resolution
INFO [2026-01-18 23:07:54] [1] 300
INFO [2026-01-18 23:07:54] 
INFO [2026-01-18 23:07:54] $main
INFO [2026-01-18 23:07:54] NULL
INFO [2026-01-18 23:07:54] 
