INFO [2026-01-20 11:21:51] $x
INFO [2026-01-20 11:21:51] list(BS = BS_viruses, SA = SA_viruses, IA = IA_viruses, DA = DA_viruses)
INFO [2026-01-20 11:21:51] 
INFO [2026-01-20 11:21:51] $category.names
INFO [2026-01-20 11:21:51] c("BS", "SA", "IA", "DA")
INFO [2026-01-20 11:21:51] 
INFO [2026-01-20 11:21:51] $filename
INFO [2026-01-20 11:21:51] NULL
INFO [2026-01-20 11:21:51] 
INFO [2026-01-20 11:21:51] $fill
INFO [2026-01-20 11:21:51] venn_colors
INFO [2026-01-20 11:21:51] 
INFO [2026-01-20 11:21:51] $alpha
INFO [2026-01-20 11:21:51] [1] 0.5
INFO [2026-01-20 11:21:51] 
INFO [2026-01-20 11:21:51] $cex
INFO [2026-01-20 11:21:51] [1] 2
INFO [2026-01-20 11:21:51] 
INFO [2026-01-20 11:21:51] $fontface
INFO [2026-01-20 11:21:51] [1] "bold"
INFO [2026-01-20 11:21:51] 
INFO [2026-01-20 11:21:51] $fontfamily
INFO [2026-01-20 11:21:51] [1] "Times"
INFO [2026-01-20 11:21:51] 
INFO [2026-01-20 11:21:51] $cat.cex
INFO [2026-01-20 11:21:51] [1] 3
INFO [2026-01-20 11:21:51] 
INFO [2026-01-20 11:21:51] $cat.fontface
INFO [2026-01-20 11:21:51] [1] "bold"
INFO [2026-01-20 11:21:51] 
INFO [2026-01-20 11:21:51] $cat.fontfamily
INFO [2026-01-20 11:21:51] [1] "Times"
INFO [2026-01-20 11:21:51] 
INFO [2026-01-20 11:21:51] $cat.dist
INFO [2026-01-20 11:21:51] c(0.2, 0.2, 0.1, 0.085)
INFO [2026-01-20 11:21:51] 
INFO [2026-01-20 11:21:51] $lwd
INFO [2026-01-20 11:21:51] [1] 2
INFO [2026-01-20 11:21:51] 
INFO [2026-01-20 11:21:51] $lty
INFO [2026-01-20 11:21:51] [1] "solid"
INFO [2026-01-20 11:21:51] 
INFO [2026-01-20 11:21:51] $col
INFO [2026-01-20 11:21:51] [1] "black"
INFO [2026-01-20 11:21:51] 
INFO [2026-01-20 11:21:51] $scaled
INFO [2026-01-20 11:21:51] [1] TRUE
INFO [2026-01-20 11:21:51] 
INFO [2026-01-20 11:21:51] $euler.d
INFO [2026-01-20 11:21:51] [1] TRUE
INFO [2026-01-20 11:21:51] 
INFO [2026-01-20 11:21:51] $sep.dist
INFO [2026-01-20 11:21:51] [1] 0.05
INFO [2026-01-20 11:21:51] 
INFO [2026-01-20 11:21:51] $rotation.degree
INFO [2026-01-20 11:21:51] [1] 0
INFO [2026-01-20 11:21:51] 
