INFO [2026-01-18 23:01:16] $x
INFO [2026-01-18 23:01:16] list(BS = BS_abundant, SA = SA_abundant, IA = IA_abundant, DA = DA_abundant)
INFO [2026-01-18 23:01:16] 
INFO [2026-01-18 23:01:16] $filename
INFO [2026-01-18 23:01:16] NULL
INFO [2026-01-18 23:01:16] 
INFO [2026-01-18 23:01:16] $fill
INFO [2026-01-18 23:01:16] brewer.pal(4, "Set2")
INFO [2026-01-18 23:01:16] 
INFO [2026-01-18 23:01:16] $alpha
INFO [2026-01-18 23:01:16] [1] 0.5
INFO [2026-01-18 23:01:16] 
INFO [2026-01-18 23:01:16] $cex
INFO [2026-01-18 23:01:16] [1] 1.4
INFO [2026-01-18 23:01:16] 
INFO [2026-01-18 23:01:16] $fontface
INFO [2026-01-18 23:01:16] [1] "bold"
INFO [2026-01-18 23:01:16] 
INFO [2026-01-18 23:01:16] $fontfamily
INFO [2026-01-18 23:01:16] [1] "Times"
INFO [2026-01-18 23:01:16] 
INFO [2026-01-18 23:01:16] $cat.cex
INFO [2026-01-18 23:01:16] [1] 1.8
INFO [2026-01-18 23:01:16] 
INFO [2026-01-18 23:01:16] $cat.fontface
INFO [2026-01-18 23:01:16] [1] "bold"
INFO [2026-01-18 23:01:16] 
INFO [2026-01-18 23:01:16] $cat.fontfamily
INFO [2026-01-18 23:01:16] [1] "Times"
INFO [2026-01-18 23:01:16] 
INFO [2026-01-18 23:01:16] $cat.pos
INFO [2026-01-18 23:01:16] c(-20, 20, -20, 20)
INFO [2026-01-18 23:01:16] 
INFO [2026-01-18 23:01:16] $cat.dist
INFO [2026-01-18 23:01:16] c(0.21, 0.21, 0.11, 0.095)
INFO [2026-01-18 23:01:16] 
INFO [2026-01-18 23:01:16] $col
INFO [2026-01-18 23:01:16] [1] "black"
INFO [2026-01-18 23:01:16] 
INFO [2026-01-18 23:01:16] $lwd
INFO [2026-01-18 23:01:16] [1] 2
INFO [2026-01-18 23:01:16] 
INFO [2026-01-18 23:01:16] $lty
INFO [2026-01-18 23:01:16] [1] "solid"
INFO [2026-01-18 23:01:16] 
INFO [2026-01-18 23:01:16] $scaled
INFO [2026-01-18 23:01:16] [1] TRUE
INFO [2026-01-18 23:01:16] 
INFO [2026-01-18 23:01:16] $euler.d
INFO [2026-01-18 23:01:16] [1] TRUE
INFO [2026-01-18 23:01:16] 
INFO [2026-01-18 23:01:16] $sep.dist
INFO [2026-01-18 23:01:16] [1] 0.05
INFO [2026-01-18 23:01:16] 
INFO [2026-01-18 23:01:16] $rotation.degree
INFO [2026-01-18 23:01:16] [1] 0
INFO [2026-01-18 23:01:16] 
INFO [2026-01-18 23:01:16] $imagetype
INFO [2026-01-18 23:01:16] [1] "png"
INFO [2026-01-18 23:01:16] 
INFO [2026-01-18 23:01:16] $height
INFO [2026-01-18 23:01:16] [1] 2000
INFO [2026-01-18 23:01:16] 
INFO [2026-01-18 23:01:16] $width
INFO [2026-01-18 23:01:16] [1] 2000
INFO [2026-01-18 23:01:16] 
INFO [2026-01-18 23:01:16] $resolution
INFO [2026-01-18 23:01:16] [1] 300
INFO [2026-01-18 23:01:16] 
INFO [2026-01-18 23:01:16] $main
INFO [2026-01-18 23:01:16] NULL
INFO [2026-01-18 23:01:16] 
