INFO [2026-01-18 21:36:21] $x
INFO [2026-01-18 21:36:21] list(BS = BS_viruses, SA = SA_viruses, IA = IA_viruses, DA = DA_viruses)
INFO [2026-01-18 21:36:21] 
INFO [2026-01-18 21:36:21] $category.names
INFO [2026-01-18 21:36:21] c("BS", "SA", "IA", "DA")
INFO [2026-01-18 21:36:21] 
INFO [2026-01-18 21:36:21] $filename
INFO [2026-01-18 21:36:21] NULL
INFO [2026-01-18 21:36:21] 
INFO [2026-01-18 21:36:21] $fill
INFO [2026-01-18 21:36:21] venn_colors
INFO [2026-01-18 21:36:21] 
INFO [2026-01-18 21:36:21] $alpha
INFO [2026-01-18 21:36:21] [1] 0.5
INFO [2026-01-18 21:36:21] 
INFO [2026-01-18 21:36:21] $cex
INFO [2026-01-18 21:36:21] [1] 2
INFO [2026-01-18 21:36:21] 
INFO [2026-01-18 21:36:21] $fontface
INFO [2026-01-18 21:36:21] [1] "bold"
INFO [2026-01-18 21:36:21] 
INFO [2026-01-18 21:36:21] $fontfamily
INFO [2026-01-18 21:36:21] [1] "Times"
INFO [2026-01-18 21:36:21] 
INFO [2026-01-18 21:36:21] $cat.cex
INFO [2026-01-18 21:36:21] [1] 3
INFO [2026-01-18 21:36:21] 
INFO [2026-01-18 21:36:21] $cat.fontface
INFO [2026-01-18 21:36:21] [1] "bold"
INFO [2026-01-18 21:36:21] 
INFO [2026-01-18 21:36:21] $cat.fontfamily
INFO [2026-01-18 21:36:21] [1] "Times"
INFO [2026-01-18 21:36:21] 
INFO [2026-01-18 21:36:21] $cat.dist
INFO [2026-01-18 21:36:21] c(0.2, 0.2, 0.1, 0.085)
INFO [2026-01-18 21:36:21] 
INFO [2026-01-18 21:36:21] $lwd
INFO [2026-01-18 21:36:21] [1] 2
INFO [2026-01-18 21:36:21] 
INFO [2026-01-18 21:36:21] $lty
INFO [2026-01-18 21:36:21] [1] "solid"
INFO [2026-01-18 21:36:21] 
INFO [2026-01-18 21:36:21] $col
INFO [2026-01-18 21:36:21] [1] "black"
INFO [2026-01-18 21:36:21] 
INFO [2026-01-18 21:36:21] $scaled
INFO [2026-01-18 21:36:21] [1] TRUE
INFO [2026-01-18 21:36:21] 
INFO [2026-01-18 21:36:21] $euler.d
INFO [2026-01-18 21:36:21] [1] TRUE
INFO [2026-01-18 21:36:21] 
INFO [2026-01-18 21:36:21] $sep.dist
INFO [2026-01-18 21:36:21] [1] 0.05
INFO [2026-01-18 21:36:21] 
INFO [2026-01-18 21:36:21] $rotation.degree
INFO [2026-01-18 21:36:21] [1] 0
INFO [2026-01-18 21:36:21] 
