INFO [2026-01-18 23:51:33] $x
INFO [2026-01-18 23:51:33] list(BS = BS_rare, SA = SA_rare, IA = IA_rare, DA = DA_rare)
INFO [2026-01-18 23:51:33] 
INFO [2026-01-18 23:51:33] $filename
INFO [2026-01-18 23:51:33] NULL
INFO [2026-01-18 23:51:33] 
INFO [2026-01-18 23:51:33] $fill
INFO [2026-01-18 23:51:33] brewer.pal(4, "Set2")
INFO [2026-01-18 23:51:33] 
INFO [2026-01-18 23:51:33] $alpha
INFO [2026-01-18 23:51:33] [1] 0.5
INFO [2026-01-18 23:51:33] 
INFO [2026-01-18 23:51:33] $cex
INFO [2026-01-18 23:51:33] [1] 1.4
INFO [2026-01-18 23:51:33] 
INFO [2026-01-18 23:51:33] $fontface
INFO [2026-01-18 23:51:33] [1] "bold"
INFO [2026-01-18 23:51:33] 
INFO [2026-01-18 23:51:33] $fontfamily
INFO [2026-01-18 23:51:33] [1] "Times"
INFO [2026-01-18 23:51:33] 
INFO [2026-01-18 23:51:33] $cat.cex
INFO [2026-01-18 23:51:33] [1] 2
INFO [2026-01-18 23:51:33] 
INFO [2026-01-18 23:51:33] $cat.fontface
INFO [2026-01-18 23:51:33] [1] "bold"
INFO [2026-01-18 23:51:33] 
INFO [2026-01-18 23:51:33] $cat.fontfamily
INFO [2026-01-18 23:51:33] [1] "Times"
INFO [2026-01-18 23:51:33] 
INFO [2026-01-18 23:51:33] $cat.pos
INFO [2026-01-18 23:51:33] c(-20, 20, -20, 20)
INFO [2026-01-18 23:51:33] 
INFO [2026-01-18 23:51:33] $cat.dist
INFO [2026-01-18 23:51:33] c(0.21, 0.21, 0.11, 0.095)
INFO [2026-01-18 23:51:33] 
INFO [2026-01-18 23:51:33] $col
INFO [2026-01-18 23:51:33] [1] "black"
INFO [2026-01-18 23:51:33] 
INFO [2026-01-18 23:51:33] $lwd
INFO [2026-01-18 23:51:33] [1] 2
INFO [2026-01-18 23:51:33] 
INFO [2026-01-18 23:51:33] $lty
INFO [2026-01-18 23:51:33] [1] "solid"
INFO [2026-01-18 23:51:33] 
INFO [2026-01-18 23:51:33] $scaled
INFO [2026-01-18 23:51:33] [1] TRUE
INFO [2026-01-18 23:51:33] 
INFO [2026-01-18 23:51:33] $euler.d
INFO [2026-01-18 23:51:33] [1] TRUE
INFO [2026-01-18 23:51:33] 
INFO [2026-01-18 23:51:33] $sep.dist
INFO [2026-01-18 23:51:33] [1] 0.05
INFO [2026-01-18 23:51:33] 
INFO [2026-01-18 23:51:33] $rotation.degree
INFO [2026-01-18 23:51:33] [1] 0
INFO [2026-01-18 23:51:33] 
INFO [2026-01-18 23:51:33] $imagetype
INFO [2026-01-18 23:51:33] [1] "png"
INFO [2026-01-18 23:51:33] 
INFO [2026-01-18 23:51:33] $height
INFO [2026-01-18 23:51:33] [1] 2000
INFO [2026-01-18 23:51:33] 
INFO [2026-01-18 23:51:33] $width
INFO [2026-01-18 23:51:33] [1] 2000
INFO [2026-01-18 23:51:33] 
INFO [2026-01-18 23:51:33] $resolution
INFO [2026-01-18 23:51:33] [1] 300
INFO [2026-01-18 23:51:33] 
INFO [2026-01-18 23:51:33] $main
INFO [2026-01-18 23:51:33] NULL
INFO [2026-01-18 23:51:33] 
